<?xml version="1.0" encoding="UTF-8"?>
<robot generator="Robot 6.1.1 (Python 3.10.10 on win32)" generated="20231212 11:12:33.435" rpa="false" schemaversion="4">
<suite id="s1" name="RobotDemo" source="C:\Users\Professional\PycharmProjects\RobotDemo">
<suite id="s1-s1" name="Tests" source="C:\Users\Professional\PycharmProjects\RobotDemo\tests">
<suite id="s1-s1-s1" name="TestCaseSet" source="C:\Users\Professional\PycharmProjects\RobotDemo\tests\TestCaseSet.robot">
<test id="s1-s1-s1-t1" name="add Events API2.0 bot" line="141">
<kw name="Evaluate" library="BuiltIn">
<var>${options}</var>
<arg>sys.modules['selenium.webdriver'].ChromeOptions()</arg>
<arg>sys</arg>
<doc>Evaluates the given expression in Python and returns the result.</doc>
<msg timestamp="20231212 11:12:33.660" level="INFO">${options} = &lt;selenium.webdriver.chrome.options.Options object at 0x000001952D1B1300&gt;</msg>
<status status="PASS" starttime="20231212 11:12:33.660" endtime="20231212 11:12:33.660"/>
</kw>
<kw name="Call Method" library="BuiltIn">
<arg>${options}</arg>
<arg>add_argument</arg>
<arg>--disable-notifications</arg>
<doc>Calls the named method of the given object with the provided arguments.</doc>
<status status="PASS" starttime="20231212 11:12:33.661" endtime="20231212 11:12:33.661"/>
</kw>
<kw name="Call Method" library="BuiltIn">
<arg>${options}</arg>
<arg>add_argument</arg>
<arg>--disable-infobars</arg>
<doc>Calls the named method of the given object with the provided arguments.</doc>
<status status="PASS" starttime="20231212 11:12:33.662" endtime="20231212 11:12:33.662"/>
</kw>
<kw name="Call Method" library="BuiltIn">
<arg>${options}</arg>
<arg>add_argument</arg>
<arg>--disable-extensions</arg>
<doc>Calls the named method of the given object with the provided arguments.</doc>
<status status="PASS" starttime="20231212 11:12:33.662" endtime="20231212 11:12:33.662"/>
</kw>
<kw name="Call Method" library="BuiltIn">
<arg>${options}</arg>
<arg>add_argument</arg>
<arg>--no-sandbox</arg>
<doc>Calls the named method of the given object with the provided arguments.</doc>
<status status="PASS" starttime="20231212 11:12:33.663" endtime="20231212 11:12:33.663"/>
</kw>
<kw name="Call Method" library="BuiltIn">
<arg>${options}</arg>
<arg>add_argument</arg>
<arg>--start-maximized</arg>
<doc>Calls the named method of the given object with the provided arguments.</doc>
<status status="PASS" starttime="20231212 11:12:33.663" endtime="20231212 11:12:33.663"/>
</kw>
<kw name="Call Method" library="BuiltIn">
<arg>${options}</arg>
<arg>add_argument</arg>
<arg>--disable-dev-shm-usage</arg>
<doc>Calls the named method of the given object with the provided arguments.</doc>
<status status="PASS" starttime="20231212 11:12:33.663" endtime="20231212 11:12:33.663"/>
</kw>
<kw name="Create Webdriver" library="SeleniumLibrary">
<arg>Chrome</arg>
<arg>options=${options}</arg>
<doc>Creates an instance of Selenium WebDriver.</doc>
<msg timestamp="20231212 11:12:33.664" level="INFO">Creating an instance of the Chrome WebDriver.</msg>
<status status="PASS" starttime="20231212 11:12:33.664" endtime="20231212 11:12:38.250"/>
</kw>
<kw name="Go To" library="SeleniumLibrary">
<arg>https://pre.bonp.me//member</arg>
<doc>Navigates the current browser window to the provided ``url``.</doc>
<msg timestamp="20231212 11:12:38.250" level="INFO">Opening url 'https://pre.bonp.me//member'</msg>
<status status="PASS" starttime="20231212 11:12:38.250" endtime="20231212 11:12:39.515"/>
</kw>
<kw name="Wait Until Element Is Visible" library="SeleniumLibrary">
<arg>//input[@name='email']</arg>
<arg>timeout=10s</arg>
<doc>Waits until the element ``locator`` is visible.</doc>
<msg timestamp="20231212 11:12:39.575" level="WARN">Keyword 'Capture Page Screenshot' could not be run on failure: Message: no such window: target window already closed
from unknown error: web view not found
  (Session info: chrome=120.0.6099.71)
Stacktrace:
	GetHandleVerifier [0x00007FF664384D02+56194]
	(No symbol) [0x00007FF6642F04B2]
	(No symbol) [0x00007FF6641976AA]
	(No symbol) [0x00007FF664170AFD]
	(No symbol) [0x00007FF66420C9AB]
	(No symbol) [0x00007FF66422201F]
	(No symbol) [0x00007FF664205C23]
	(No symbol) [0x00007FF6641D4A45]
	(No symbol) [0x00007FF6641D5AD4]
	GetHandleVerifier [0x00007FF6646FD5BB+3695675]
	GetHandleVerifier [0x00007FF664756197+4059159]
	GetHandleVerifier [0x00007FF66474DF63+4025827]
	GetHandleVerifier [0x00007FF66441F029+687785]
	(No symbol) [0x00007FF6642FB508]
	(No symbol) [0x00007FF6642F7564]
	(No symbol) [0x00007FF6642F76E9]
	(No symbol) [0x00007FF6642E8094]
	BaseThreadInitThunk [0x00007FF94B1F7034+20]
	RtlUserThreadStart [0x00007FF94BBC2651+33]
</msg>
<msg timestamp="20231212 11:12:39.580" level="FAIL">NoSuchWindowException: Message: no such window: target window already closed
from unknown error: web view not found
  (Session info: chrome=120.0.6099.71)
Stacktrace:
	GetHandleVerifier [0x00007FF664384D02+56194]
	(No symbol) [0x00007FF6642F04B2]
	(No symbol) [0x00007FF6641976AA]
	(No symbol) [0x00007FF664170AFD]
	(No symbol) [0x00007FF66420C9AB]
	(No symbol) [0x00007FF66422201F]
	(No symbol) [0x00007FF664205C23]
	(No symbol) [0x00007FF6641D4A45]
	(No symbol) [0x00007FF6641D5AD4]
	GetHandleVerifier [0x00007FF6646FD5BB+3695675]
	GetHandleVerifier [0x00007FF664756197+4059159]
	GetHandleVerifier [0x00007FF66474DF63+4025827]
	GetHandleVerifier [0x00007FF66441F029+687785]
	(No symbol) [0x00007FF6642FB508]
	(No symbol) [0x00007FF6642F7564]
	(No symbol) [0x00007FF6642F76E9]
	(No symbol) [0x00007FF6642E8094]
	BaseThreadInitThunk [0x00007FF94B1F7034+20]
	RtlUserThreadStart [0x00007FF94BBC2651+33]
</msg>
<status status="FAIL" starttime="20231212 11:12:39.518" endtime="20231212 11:12:39.582"/>
</kw>
<kw name="Wait Until Element Is Enabled" library="SeleniumLibrary">
<arg>//input[@name='email']</arg>
<arg>timeout=10s</arg>
<doc>Waits until the element ``locator`` is enabled.</doc>
<status status="NOT RUN" starttime="20231212 11:12:39.583" endtime="20231212 11:12:39.583"/>
</kw>
<kw name="Input Text" library="SeleniumLibrary">
<arg>//input[@name='email']</arg>
<arg>alexandra@evolany.com</arg>
<doc>Types the given ``text`` into the text field identified by ``locator``.</doc>
<status status="NOT RUN" starttime="20231212 11:12:39.583" endtime="20231212 11:12:39.583"/>
</kw>
<kw name="Wait Until Element Is Visible" library="SeleniumLibrary">
<arg>//input[@name='pass']</arg>
<arg>timeout=10s</arg>
<doc>Waits until the element ``locator`` is visible.</doc>
<status status="NOT RUN" starttime="20231212 11:12:39.583" endtime="20231212 11:12:39.584"/>
</kw>
<kw name="Wait Until Element Is Enabled" library="SeleniumLibrary">
<arg>//input[@name='pass']</arg>
<arg>timeout=10s</arg>
<doc>Waits until the element ``locator`` is enabled.</doc>
<status status="NOT RUN" starttime="20231212 11:12:39.584" endtime="20231212 11:12:39.584"/>
</kw>
<kw name="Input Text" library="SeleniumLibrary">
<arg>//input[@name='pass']</arg>
<arg>221373897221373897qW!</arg>
<doc>Types the given ``text`` into the text field identified by ``locator``.</doc>
<status status="NOT RUN" starttime="20231212 11:12:39.584" endtime="20231212 11:12:39.584"/>
</kw>
<kw name="Wait Until Element Is Visible" library="SeleniumLibrary">
<arg>//button[@type='text']</arg>
<doc>Waits until the element ``locator`` is visible.</doc>
<status status="NOT RUN" starttime="20231212 11:12:39.584" endtime="20231212 11:12:39.584"/>
</kw>
<kw name="Wait Until Element Is Enabled" library="SeleniumLibrary">
<arg>//button[@type='text']</arg>
<doc>Waits until the element ``locator`` is enabled.</doc>
<status status="NOT RUN" starttime="20231212 11:12:39.584" endtime="20231212 11:12:39.585"/>
</kw>
<kw name="Click Button" library="SeleniumLibrary">
<arg>//button[@type='text']</arg>
<doc>Clicks the button identified by ``locator``.</doc>
<status status="NOT RUN" starttime="20231212 11:12:39.585" endtime="20231212 11:12:39.585"/>
</kw>
<kw name="Wait Until Element Is Visible" library="SeleniumLibrary">
<arg>(//table[@class='list-view']/tr/td[@i='1'])[2]</arg>
<arg>timeout=10s</arg>
<doc>Waits until the element ``locator`` is visible.</doc>
<status status="NOT RUN" starttime="20231212 11:12:39.585" endtime="20231212 11:12:39.585"/>
</kw>
<kw name="Wait Until Element Is Enabled" library="SeleniumLibrary">
<arg>(//table[@class='list-view']/tr/td[@i='1'])[2]</arg>
<arg>timeout=10s</arg>
<doc>Waits until the element ``locator`` is enabled.</doc>
<status status="NOT RUN" starttime="20231212 11:12:39.585" endtime="20231212 11:12:39.586"/>
</kw>
<kw name="Click Element" library="SeleniumLibrary">
<arg>(//table[@class='list-view']/tr/td[@i='1'])[2]</arg>
<doc>Click the element identified by ``locator``.</doc>
<status status="NOT RUN" starttime="20231212 11:12:39.586" endtime="20231212 11:12:39.586"/>
</kw>
<kw name="Wait Until Element Is Visible" library="SeleniumLibrary">
<arg>//h1[contains(.,'test_robotframework_bot_api2.0')]</arg>
<arg>timeout=10s</arg>
<doc>Waits until the element ``locator`` is visible.</doc>
<status status="NOT RUN" starttime="20231212 11:12:39.586" endtime="20231212 11:12:39.586"/>
</kw>
<kw name="Click Element" library="SeleniumLibrary">
<arg>//a[@class='miniapps icon dots-v']</arg>
<doc>Click the element identified by ``locator``.</doc>
<status status="NOT RUN" starttime="20231212 11:12:39.586" endtime="20231212 11:12:39.586"/>
</kw>
<kw name="Wait Until Element Is Visible" library="SeleniumLibrary">
<arg>//section[@class='submenus']/ul/li</arg>
<arg>timeout=10s</arg>
<doc>Waits until the element ``locator`` is visible.</doc>
<status status="NOT RUN" starttime="20231212 11:12:39.586" endtime="20231212 11:12:39.586"/>
</kw>
<kw name="Wait Until Element Is Enabled" library="SeleniumLibrary">
<arg>//section[@class='submenus']/ul/li</arg>
<arg>timeout=10s</arg>
<doc>Waits until the element ``locator`` is enabled.</doc>
<status status="NOT RUN" starttime="20231212 11:12:39.586" endtime="20231212 11:12:39.587"/>
</kw>
<kw name="Click Element" library="SeleniumLibrary">
<arg>(//section[@class='submenus']/ul/li)[2]</arg>
<doc>Click the element identified by ``locator``.</doc>
<status status="NOT RUN" starttime="20231212 11:12:39.587" endtime="20231212 11:12:39.587"/>
</kw>
<kw name="Wait Until Element Is Visible" library="SeleniumLibrary">
<arg>//button[@class='new icon plus-square']</arg>
<arg>timeout=10s</arg>
<doc>Waits until the element ``locator`` is visible.</doc>
<status status="NOT RUN" starttime="20231212 11:12:39.588" endtime="20231212 11:12:39.588"/>
</kw>
<kw name="Wait Until Element Is Enabled" library="SeleniumLibrary">
<arg>//button[@class='new icon plus-square']</arg>
<arg>timeout=10s</arg>
<doc>Waits until the element ``locator`` is enabled.</doc>
<status status="NOT RUN" starttime="20231212 11:12:39.588" endtime="20231212 11:12:39.588"/>
</kw>
<kw name="Click Button" library="SeleniumLibrary">
<arg>//button[@class='new icon plus-square']</arg>
<doc>Clicks the button identified by ``locator``.</doc>
<status status="NOT RUN" starttime="20231212 11:12:39.589" endtime="20231212 11:12:39.589"/>
</kw>
<kw name="Input Text" library="SeleniumLibrary">
<arg>//input[@name='linkto']</arg>
<arg>https://www.udemy.com/</arg>
<doc>Types the given ``text`` into the text field identified by ``locator``.</doc>
<status status="NOT RUN" starttime="20231212 11:12:39.589" endtime="20231212 11:12:39.589"/>
</kw>
<kw name="Choose File" library="SeleniumLibrary">
<arg>(//input[@type='file'])[1]</arg>
<arg>C://Users//Professional//PycharmProjects//suffering-upd//uploaddata//event_img1.jpg</arg>
<doc>Inputs the ``file_path`` into the file input field ``locator``.</doc>
<status status="NOT RUN" starttime="20231212 11:12:39.589" endtime="20231212 11:12:39.589"/>
</kw>
<kw name="Input Text" library="SeleniumLibrary">
<arg>//input[@name='title']</arg>
<arg>Test Event1</arg>
<doc>Types the given ``text`` into the text field identified by ``locator``.</doc>
<status status="NOT RUN" starttime="20231212 11:12:39.589" endtime="20231212 11:12:39.589"/>
</kw>
<kw name="Input Text" library="SeleniumLibrary">
<arg>//textarea[@name='desc']</arg>
<arg>Lorem ipsum dolor sit amet, consectetur adipiscing elit. Quisque vitae arcu turpis. Morbi quis dignissim nunc, nec luctus nibh. In luctus porttitor posuere. Quisque.</arg>
<doc>Types the given ``text`` into the text field identified by ``locator``.</doc>
<status status="NOT RUN" starttime="20231212 11:12:39.589" endtime="20231212 11:12:39.589"/>
</kw>
<kw name="Input Text" library="SeleniumLibrary">
<arg>//input[@name='seats']</arg>
<arg>1</arg>
<doc>Types the given ``text`` into the text field identified by ``locator``.</doc>
<status status="NOT RUN" starttime="20231212 11:12:39.590" endtime="20231212 11:12:39.590"/>
</kw>
<kw name="Sleep" library="BuiltIn">
<arg>2s</arg>
<doc>Pauses the test executed for the given time.</doc>
<status status="NOT RUN" starttime="20231212 11:12:39.590" endtime="20231212 11:12:39.590"/>
</kw>
<kw name="Wait Until Element Is Visible" library="SeleniumLibrary">
<arg>//button[@class='icon save']</arg>
<arg>timeout=10s</arg>
<doc>Waits until the element ``locator`` is visible.</doc>
<status status="NOT RUN" starttime="20231212 11:12:39.590" endtime="20231212 11:12:39.590"/>
</kw>
<kw name="Wait Until Element Is Enabled" library="SeleniumLibrary">
<arg>//button[@class='icon save']</arg>
<arg>timeout=10s</arg>
<doc>Waits until the element ``locator`` is enabled.</doc>
<status status="NOT RUN" starttime="20231212 11:12:39.590" endtime="20231212 11:12:39.591"/>
</kw>
<kw name="Click Button" library="SeleniumLibrary">
<arg>//button[@class='icon save']</arg>
<doc>Clicks the button identified by ``locator``.</doc>
<status status="NOT RUN" starttime="20231212 11:12:39.591" endtime="20231212 11:12:39.591"/>
</kw>
<kw name="Sleep" library="BuiltIn">
<arg>6s</arg>
<doc>Pauses the test executed for the given time.</doc>
<status status="NOT RUN" starttime="20231212 11:12:39.591" endtime="20231212 11:12:39.591"/>
</kw>
<kw name="Click Element" library="SeleniumLibrary">
<arg>//footer/button</arg>
<doc>Click the element identified by ``locator``.</doc>
<status status="NOT RUN" starttime="20231212 11:12:39.591" endtime="20231212 11:12:39.591"/>
</kw>
<kw name="Wait Until Element Is Visible" library="SeleniumLibrary">
<arg>//button[@class='new icon plus-square']</arg>
<arg>timeout=10s</arg>
<doc>Waits until the element ``locator`` is visible.</doc>
<status status="NOT RUN" starttime="20231212 11:12:39.591" endtime="20231212 11:12:39.591"/>
</kw>
<kw name="Wait Until Element Is Enabled" library="SeleniumLibrary">
<arg>//button[@class='new icon plus-square']</arg>
<arg>timeout=10s</arg>
<doc>Waits until the element ``locator`` is enabled.</doc>
<status status="NOT RUN" starttime="20231212 11:12:39.591" endtime="20231212 11:12:39.592"/>
</kw>
<kw name="Click Button" library="SeleniumLibrary">
<arg>//button[@class='new icon plus-square']</arg>
<doc>Clicks the button identified by ``locator``.</doc>
<status status="NOT RUN" starttime="20231212 11:12:39.592" endtime="20231212 11:12:39.592"/>
</kw>
<kw name="Input Text" library="SeleniumLibrary">
<arg>//input[@name='linkto']</arg>
<arg>https://www.udemy.com/</arg>
<doc>Types the given ``text`` into the text field identified by ``locator``.</doc>
<status status="NOT RUN" starttime="20231212 11:12:39.592" endtime="20231212 11:12:39.592"/>
</kw>
<kw name="Choose File" library="SeleniumLibrary">
<arg>(//input[@type='file'])[1]</arg>
<arg>C://Users//Professional//PycharmProjects//suffering-upd//uploaddata//event_img2.jpg</arg>
<doc>Inputs the ``file_path`` into the file input field ``locator``.</doc>
<status status="NOT RUN" starttime="20231212 11:12:39.593" endtime="20231212 11:12:39.593"/>
</kw>
<kw name="Input Text" library="SeleniumLibrary">
<arg>//input[@name='title']</arg>
<arg>Test Event2</arg>
<doc>Types the given ``text`` into the text field identified by ``locator``.</doc>
<status status="NOT RUN" starttime="20231212 11:12:39.593" endtime="20231212 11:12:39.593"/>
</kw>
<kw name="Input Text" library="SeleniumLibrary">
<arg>//textarea[@name='desc']</arg>
<arg>Lorem ipsum dolor sit amet, consectetur adipiscing elit. Quisque vitae arcu turpis. Morbi quis dignissim nunc, nec luctus nibh. In luctus porttitor posuere. Quisque.</arg>
<doc>Types the given ``text`` into the text field identified by ``locator``.</doc>
<status status="NOT RUN" starttime="20231212 11:12:39.593" endtime="20231212 11:12:39.594"/>
</kw>
<kw name="Input Text" library="SeleniumLibrary">
<arg>//input[@name='seats']</arg>
<arg>1</arg>
<doc>Types the given ``text`` into the text field identified by ``locator``.</doc>
<status status="NOT RUN" starttime="20231212 11:12:39.594" endtime="20231212 11:12:39.594"/>
</kw>
<kw name="Sleep" library="BuiltIn">
<arg>2s</arg>
<doc>Pauses the test executed for the given time.</doc>
<status status="NOT RUN" starttime="20231212 11:12:39.594" endtime="20231212 11:12:39.594"/>
</kw>
<kw name="Wait Until Element Is Visible" library="SeleniumLibrary">
<arg>//button[@class='icon save']</arg>
<arg>timeout=10s</arg>
<doc>Waits until the element ``locator`` is visible.</doc>
<status status="NOT RUN" starttime="20231212 11:12:39.594" endtime="20231212 11:12:39.594"/>
</kw>
<kw name="Wait Until Element Is Enabled" library="SeleniumLibrary">
<arg>//button[@class='icon save']</arg>
<arg>timeout=10s</arg>
<doc>Waits until the element ``locator`` is enabled.</doc>
<status status="NOT RUN" starttime="20231212 11:12:39.595" endtime="20231212 11:12:39.595"/>
</kw>
<kw name="Click Button" library="SeleniumLibrary">
<arg>//button[@class='icon save']</arg>
<doc>Clicks the button identified by ``locator``.</doc>
<status status="NOT RUN" starttime="20231212 11:12:39.595" endtime="20231212 11:12:39.595"/>
</kw>
<kw name="Sleep" library="BuiltIn">
<arg>6s</arg>
<doc>Pauses the test executed for the given time.</doc>
<status status="NOT RUN" starttime="20231212 11:12:39.595" endtime="20231212 11:12:39.595"/>
</kw>
<kw name="Click Element" library="SeleniumLibrary">
<arg>//footer/button</arg>
<doc>Click the element identified by ``locator``.</doc>
<status status="NOT RUN" starttime="20231212 11:12:39.595" endtime="20231212 11:12:39.595"/>
</kw>
<kw name="Wait Until Element Is Visible" library="SeleniumLibrary">
<arg>//button[@class='new icon plus-square']</arg>
<arg>timeout=10s</arg>
<doc>Waits until the element ``locator`` is visible.</doc>
<status status="NOT RUN" starttime="20231212 11:12:39.595" endtime="20231212 11:12:39.595"/>
</kw>
<kw name="Wait Until Element Is Enabled" library="SeleniumLibrary">
<arg>//button[@class='new icon plus-square']</arg>
<arg>timeout=10s</arg>
<doc>Waits until the element ``locator`` is enabled.</doc>
<status status="NOT RUN" starttime="20231212 11:12:39.596" endtime="20231212 11:12:39.596"/>
</kw>
<kw name="Click Button" library="SeleniumLibrary">
<arg>//button[@class='new icon plus-square']</arg>
<doc>Clicks the button identified by ``locator``.</doc>
<status status="NOT RUN" starttime="20231212 11:12:39.596" endtime="20231212 11:12:39.596"/>
</kw>
<kw name="Input Text" library="SeleniumLibrary">
<arg>//input[@name='linkto']</arg>
<arg>https://www.udemy.com/</arg>
<doc>Types the given ``text`` into the text field identified by ``locator``.</doc>
<status status="NOT RUN" starttime="20231212 11:12:39.596" endtime="20231212 11:12:39.596"/>
</kw>
<kw name="Choose File" library="SeleniumLibrary">
<arg>(//input[@type='file'])[1]</arg>
<arg>C://Users//Professional//PycharmProjects//suffering-upd//uploaddata//event_img3.jpg</arg>
<doc>Inputs the ``file_path`` into the file input field ``locator``.</doc>
<status status="NOT RUN" starttime="20231212 11:12:39.597" endtime="20231212 11:12:39.597"/>
</kw>
<kw name="Input Text" library="SeleniumLibrary">
<arg>//input[@name='title']</arg>
<arg>Test Event2</arg>
<doc>Types the given ``text`` into the text field identified by ``locator``.</doc>
<status status="NOT RUN" starttime="20231212 11:12:39.597" endtime="20231212 11:12:39.597"/>
</kw>
<kw name="Input Text" library="SeleniumLibrary">
<arg>//textarea[@name='desc']</arg>
<arg>Lorem ipsum dolor sit amet, consectetur adipiscing elit. Quisque vitae arcu turpis. Morbi quis dignissim nunc, nec luctus nibh. In luctus porttitor posuere. Quisque.</arg>
<doc>Types the given ``text`` into the text field identified by ``locator``.</doc>
<status status="NOT RUN" starttime="20231212 11:12:39.597" endtime="20231212 11:12:39.597"/>
</kw>
<kw name="Input Text" library="SeleniumLibrary">
<arg>//input[@name='seats']</arg>
<arg>1</arg>
<doc>Types the given ``text`` into the text field identified by ``locator``.</doc>
<status status="NOT RUN" starttime="20231212 11:12:39.597" endtime="20231212 11:12:39.597"/>
</kw>
<kw name="Sleep" library="BuiltIn">
<arg>2s</arg>
<doc>Pauses the test executed for the given time.</doc>
<status status="NOT RUN" starttime="20231212 11:12:39.597" endtime="20231212 11:12:39.597"/>
</kw>
<kw name="Wait Until Element Is Visible" library="SeleniumLibrary">
<arg>//button[@class='icon save']</arg>
<arg>timeout=10s</arg>
<doc>Waits until the element ``locator`` is visible.</doc>
<status status="NOT RUN" starttime="20231212 11:12:39.598" endtime="20231212 11:12:39.598"/>
</kw>
<kw name="Wait Until Element Is Enabled" library="SeleniumLibrary">
<arg>//button[@class='icon save']</arg>
<arg>timeout=10s</arg>
<doc>Waits until the element ``locator`` is enabled.</doc>
<status status="NOT RUN" starttime="20231212 11:12:39.598" endtime="20231212 11:12:39.598"/>
</kw>
<kw name="Click Button" library="SeleniumLibrary">
<arg>//button[@class='icon save']</arg>
<doc>Clicks the button identified by ``locator``.</doc>
<status status="NOT RUN" starttime="20231212 11:12:39.598" endtime="20231212 11:12:39.598"/>
</kw>
<kw name="Sleep" library="BuiltIn">
<arg>6s</arg>
<doc>Pauses the test executed for the given time.</doc>
<status status="NOT RUN" starttime="20231212 11:12:39.598" endtime="20231212 11:12:39.598"/>
</kw>
<kw name="Click Element" library="SeleniumLibrary">
<arg>//footer/button</arg>
<doc>Click the element identified by ``locator``.</doc>
<status status="NOT RUN" starttime="20231212 11:12:39.598" endtime="20231212 11:12:39.599"/>
</kw>
<kw name="Close Browser" library="SeleniumLibrary" type="TEARDOWN">
<doc>Closes the current browser.</doc>
<status status="PASS" starttime="20231212 11:12:39.599" endtime="20231212 11:12:41.758"/>
</kw>
<doc>This test case adds 3 events for BR V2 API2.0 bot under Evolany Co., Ltd. company.</doc>
<status status="FAIL" starttime="20231212 11:12:33.646" endtime="20231212 11:12:41.759">NoSuchWindowException: Message: no such window: target window already closed
from unknown error: web view not found
  (Session info: chrome=120.0.6099.71)
Stacktrace:
	GetHandleVerifier [0x00007FF664384D02+56194]
	(No symbol) [0x00007FF6642F04B2]
	(No symbol) [0x00007FF6641976AA]
	(No symbol) [0x00007FF664170AFD]
	(No symbol) [0x00007FF66420C9AB]
	(No symbol) [0x00007FF66422201F]
	(No symbol) [0x00007FF664205C23]
	(No symbol) [0x00007FF6641D4A45]
	(No symbol) [0x00007FF6641D5AD4]
	GetHandleVerifier [0x00007FF6646FD5BB+3695675]
	GetHandleVerifier [0x00007FF664756197+4059159]
	GetHandleVerifier [0x00007FF66474DF63+4025827]
	GetHandleVerifier [0x00007FF66441F029+687785]
	(No symbol) [0x00007FF6642FB508]
	(No symbol) [0x00007FF6642F7564]
	(No symbol) [0x00007FF6642F76E9]
	(No symbol) [0x00007FF6642E8094]
	BaseThreadInitThunk [0x00007FF94B1F7034+20]
	RtlUserThreadStart [0x00007FF94BBC2651+33]
</status>
</test>
<status status="FAIL" starttime="20231212 11:12:33.460" endtime="20231212 11:12:41.761"/>
</suite>
<status status="FAIL" starttime="20231212 11:12:33.458" endtime="20231212 11:12:41.762"/>
</suite>
<status status="FAIL" starttime="20231212 11:12:33.437" endtime="20231212 11:12:41.763"/>
</suite>
<statistics>
<total>
<stat pass="0" fail="1" skip="0">All Tests</stat>
</total>
<tag>
</tag>
<suite>
<stat pass="0" fail="1" skip="0" id="s1" name="RobotDemo">RobotDemo</stat>
<stat pass="0" fail="1" skip="0" id="s1-s1" name="Tests">RobotDemo.Tests</stat>
<stat pass="0" fail="1" skip="0" id="s1-s1-s1" name="TestCaseSet">RobotDemo.Tests.TestCaseSet</stat>
</suite>
</statistics>
<errors>
<msg timestamp="20231212 11:12:39.575" level="WARN">Keyword 'Capture Page Screenshot' could not be run on failure: Message: no such window: target window already closed
from unknown error: web view not found
  (Session info: chrome=120.0.6099.71)
Stacktrace:
	GetHandleVerifier [0x00007FF664384D02+56194]
	(No symbol) [0x00007FF6642F04B2]
	(No symbol) [0x00007FF6641976AA]
	(No symbol) [0x00007FF664170AFD]
	(No symbol) [0x00007FF66420C9AB]
	(No symbol) [0x00007FF66422201F]
	(No symbol) [0x00007FF664205C23]
	(No symbol) [0x00007FF6641D4A45]
	(No symbol) [0x00007FF6641D5AD4]
	GetHandleVerifier [0x00007FF6646FD5BB+3695675]
	GetHandleVerifier [0x00007FF664756197+4059159]
	GetHandleVerifier [0x00007FF66474DF63+4025827]
	GetHandleVerifier [0x00007FF66441F029+687785]
	(No symbol) [0x00007FF6642FB508]
	(No symbol) [0x00007FF6642F7564]
	(No symbol) [0x00007FF6642F76E9]
	(No symbol) [0x00007FF6642E8094]
	BaseThreadInitThunk [0x00007FF94B1F7034+20]
	RtlUserThreadStart [0x00007FF94BBC2651+33]
</msg>
</errors>
</robot>
