<?xml version="1.0" encoding="UTF-8"?>
<robot generator="Robot 6.1.1 (Python 3.10.10 on win32)" generated="20240201 12:20:07.789" rpa="false" schemaversion="4">
<suite id="s1" name="Demo" source="C:\Users\Professional\PycharmProjects\RobotDemo\tests\Demo.robot">
<test id="s1-t1" name="send textitem1 broadcast" line="104">
<kw name="Setup Firefox Webdriver" type="SETUP">
<kw name="Evaluate" library="BuiltIn">
<var>${options}</var>
<arg>sys.modules['selenium.webdriver'].FirefoxOptions()</arg>
<arg>sys</arg>
<doc>Evaluates the given expression in Python and returns the result.</doc>
<msg timestamp="20240201 12:20:08.049" level="INFO">${options} = &lt;selenium.webdriver.firefox.options.Options object at 0x000002B86F8457B0&gt;</msg>
<status status="PASS" starttime="20240201 12:20:08.049" endtime="20240201 12:20:08.051"/>
</kw>
<kw name="Call Method" library="BuiltIn">
<arg>${options}</arg>
<arg>add_argument</arg>
<arg>--disable-notifications</arg>
<doc>Calls the named method of the given object with the provided arguments.</doc>
<status status="PASS" starttime="20240201 12:20:08.051" endtime="20240201 12:20:08.052"/>
</kw>
<kw name="Call Method" library="BuiltIn">
<arg>${options}</arg>
<arg>add_argument</arg>
<arg>--disable-infobars</arg>
<doc>Calls the named method of the given object with the provided arguments.</doc>
<status status="PASS" starttime="20240201 12:20:08.052" endtime="20240201 12:20:08.052"/>
</kw>
<kw name="Call Method" library="BuiltIn">
<arg>${options}</arg>
<arg>add_argument</arg>
<arg>--disable-extensions</arg>
<doc>Calls the named method of the given object with the provided arguments.</doc>
<status status="PASS" starttime="20240201 12:20:08.053" endtime="20240201 12:20:08.053"/>
</kw>
<kw name="Call Method" library="BuiltIn">
<arg>${options}</arg>
<arg>add_argument</arg>
<arg>--start-maximized</arg>
<doc>Calls the named method of the given object with the provided arguments.</doc>
<status status="PASS" starttime="20240201 12:20:08.053" endtime="20240201 12:20:08.053"/>
</kw>
<kw name="Open Browser" library="SeleniumLibrary">
<arg>https://pre.bonp.me//member</arg>
<arg>firefox</arg>
<arg>options=${options}</arg>
<arg>executable_path=C:\Users\Professional\Downloads\geckodriver-v0.34.0-win-aarch64</arg>
<doc>Opens a new browser instance to the optional ``url``.</doc>
<msg timestamp="20240201 12:20:08.055" level="INFO">Opening browser 'firefox' to base url 'https://pre.bonp.me//member'.</msg>
<status status="PASS" starttime="20240201 12:20:08.054" endtime="20240201 12:20:18.662"/>
</kw>
<kw name="Set Window Size" library="SeleniumLibrary">
<arg>1445</arg>
<arg>875</arg>
<doc>Sets current windows size to given ``width`` and ``height``.</doc>
<status status="PASS" starttime="20240201 12:20:18.663" endtime="20240201 12:20:18.678"/>
</kw>
<kw name="Set Selenium Implicit Wait" library="SeleniumLibrary">
<arg>15s</arg>
<doc>Sets the implicit wait value used by Selenium.</doc>
<status status="PASS" starttime="20240201 12:20:18.678" endtime="20240201 12:20:18.682"/>
</kw>
<status status="PASS" starttime="20240201 12:20:08.048" endtime="20240201 12:20:18.682"/>
</kw>
<kw name="Set Variable" library="BuiltIn">
<var>${test_bot}</var>
<arg>Sasha-240124-brv2-api20</arg>
<doc>Returns the given values which can then be assigned to a variables.</doc>
<msg timestamp="20240201 12:20:18.683" level="INFO">${test_bot} = Sasha-240124-brv2-api20</msg>
<status status="PASS" starttime="20240201 12:20:18.683" endtime="20240201 12:20:18.683"/>
</kw>
<kw name="Set Variable" library="BuiltIn">
<var>${bot_names_list}</var>
<arg>//table[@class='list-view']</arg>
<doc>Returns the given values which can then be assigned to a variables.</doc>
<msg timestamp="20240201 12:20:18.684" level="INFO">${bot_names_list} = //table[@class='list-view']</msg>
<status status="PASS" starttime="20240201 12:20:18.684" endtime="20240201 12:20:18.685"/>
</kw>
<kw name="Login">
<arg>${credentials}[email]</arg>
<arg>${credentials}[password]</arg>
<kw name="Go To" library="SeleniumLibrary">
<arg>${environment}</arg>
<doc>Navigates the current browser window to the provided ``url``.</doc>
<msg timestamp="20240201 12:20:18.686" level="INFO">Opening url 'https://pre.bonp.me//member'</msg>
<status status="PASS" starttime="20240201 12:20:18.686" endtime="20240201 12:20:19.833"/>
</kw>
<kw name="Wait Until Element Is Visible and Enabled">
<arg>${email_input}</arg>
<kw name="Wait Until Element Is Visible" library="SeleniumLibrary">
<arg>${locator}</arg>
<arg>timeout=${timeout}</arg>
<doc>Waits until the element ``locator`` is visible.</doc>
<status status="PASS" starttime="20240201 12:20:19.835" endtime="20240201 12:20:19.860"/>
</kw>
<kw name="Wait Until Element Is Enabled" library="SeleniumLibrary">
<arg>${locator}</arg>
<arg>timeout=${timeout}</arg>
<doc>Waits until the element ``locator`` is enabled.</doc>
<status status="PASS" starttime="20240201 12:20:19.861" endtime="20240201 12:20:19.881"/>
</kw>
<status status="PASS" starttime="20240201 12:20:19.834" endtime="20240201 12:20:19.881"/>
</kw>
<kw name="Input Text" library="SeleniumLibrary">
<arg>${email_input}</arg>
<arg>${username}</arg>
<doc>Types the given ``text`` into the text field identified by ``locator``.</doc>
<msg timestamp="20240201 12:20:19.882" level="INFO">Typing text 'alexandra@evolany.com' into text field '//input[@name='email']'.</msg>
<status status="PASS" starttime="20240201 12:20:19.882" endtime="20240201 12:20:19.952"/>
</kw>
<kw name="Wait Until Element Is Visible and Enabled">
<arg>${pass_input}</arg>
<kw name="Wait Until Element Is Visible" library="SeleniumLibrary">
<arg>${locator}</arg>
<arg>timeout=${timeout}</arg>
<doc>Waits until the element ``locator`` is visible.</doc>
<status status="PASS" starttime="20240201 12:20:19.953" endtime="20240201 12:20:19.974"/>
</kw>
<kw name="Wait Until Element Is Enabled" library="SeleniumLibrary">
<arg>${locator}</arg>
<arg>timeout=${timeout}</arg>
<doc>Waits until the element ``locator`` is enabled.</doc>
<status status="PASS" starttime="20240201 12:20:19.974" endtime="20240201 12:20:20.001"/>
</kw>
<status status="PASS" starttime="20240201 12:20:19.953" endtime="20240201 12:20:20.001"/>
</kw>
<kw name="Input Text" library="SeleniumLibrary">
<arg>${pass_input}</arg>
<arg>${password}</arg>
<doc>Types the given ``text`` into the text field identified by ``locator``.</doc>
<msg timestamp="20240201 12:20:20.002" level="INFO">Typing text '221373897221373897qW!' into text field '//input[@name='pass']'.</msg>
<status status="PASS" starttime="20240201 12:20:20.001" endtime="20240201 12:20:20.028"/>
</kw>
<kw name="Wait Until Element Is Visible and Enabled">
<arg>${submit_button}</arg>
<kw name="Wait Until Element Is Visible" library="SeleniumLibrary">
<arg>${locator}</arg>
<arg>timeout=${timeout}</arg>
<doc>Waits until the element ``locator`` is visible.</doc>
<status status="PASS" starttime="20240201 12:20:20.029" endtime="20240201 12:20:20.046"/>
</kw>
<kw name="Wait Until Element Is Enabled" library="SeleniumLibrary">
<arg>${locator}</arg>
<arg>timeout=${timeout}</arg>
<doc>Waits until the element ``locator`` is enabled.</doc>
<status status="PASS" starttime="20240201 12:20:20.046" endtime="20240201 12:20:20.068"/>
</kw>
<status status="PASS" starttime="20240201 12:20:20.028" endtime="20240201 12:20:20.068"/>
</kw>
<kw name="Click Button" library="SeleniumLibrary">
<arg>${submit_button}</arg>
<doc>Clicks the button identified by ``locator``.</doc>
<msg timestamp="20240201 12:20:20.069" level="INFO">Clicking button '//button[@type='text']'.</msg>
<status status="PASS" starttime="20240201 12:20:20.068" endtime="20240201 12:20:20.303"/>
</kw>
<status status="PASS" starttime="20240201 12:20:18.685" endtime="20240201 12:20:20.303"/>
</kw>
<kw name="Open Specified Bot">
<arg>${bot_names_list}</arg>
<arg>${test_bot}</arg>
<kw name="Wait Until Element Is Visible and Enabled">
<arg>${table_locator}</arg>
<kw name="Wait Until Element Is Visible" library="SeleniumLibrary">
<arg>${locator}</arg>
<arg>timeout=${timeout}</arg>
<doc>Waits until the element ``locator`` is visible.</doc>
<status status="PASS" starttime="20240201 12:20:20.304" endtime="20240201 12:20:23.241"/>
</kw>
<kw name="Wait Until Element Is Enabled" library="SeleniumLibrary">
<arg>${locator}</arg>
<arg>timeout=${timeout}</arg>
<doc>Waits until the element ``locator`` is enabled.</doc>
<status status="PASS" starttime="20240201 12:20:23.241" endtime="20240201 12:20:23.262"/>
</kw>
<status status="PASS" starttime="20240201 12:20:20.304" endtime="20240201 12:20:23.262"/>
</kw>
<kw name="Get WebElements" library="SeleniumLibrary">
<var>${table_elements}</var>
<arg>${table_locator}//td</arg>
<doc>Returns a list of WebElement objects matching the ``locator``.</doc>
<msg timestamp="20240201 12:20:23.572" level="INFO">${table_elements} = [&lt;selenium.webdriver.remote.webelement.WebElement (session="764090a7-d7ac-43db-8878-517408533d70", element="26b362d1-1bf8-49ea-9508-cfb45886fabd")&gt;, &lt;selenium.webdriver.remote.webelement.WebElement (s...</msg>
<status status="PASS" starttime="20240201 12:20:23.263" endtime="20240201 12:20:23.573"/>
</kw>
<for flavor="IN">
<var>${cell_element}</var>
<value>@{table_elements}</value>
<iter>
<var name="${cell_element}">&lt;selenium.webdriver.remote.webelement.WebElement (session="764090a7-d7ac-43db-8878-517408533d70", element="26b362d1-1bf8-49ea-9508-cfb45886fabd")&gt;</var>
<kw name="Get Text" library="SeleniumLibrary">
<var>${cell_text}</var>
<arg>${cell_element}</arg>
<doc>Returns the text value of the element identified by ``locator``.</doc>
<msg timestamp="20240201 12:20:23.590" level="INFO">${cell_text} = 1133</msg>
<status status="PASS" starttime="20240201 12:20:23.574" endtime="20240201 12:20:23.591"/>
</kw>
<kw name="Run Keyword If" library="BuiltIn">
<arg>'${target_text}' in '${cell_text}'</arg>
<arg>Click Element</arg>
<arg>${cell_element}</arg>
<doc>Runs the given keyword with the given arguments, if ``condition`` is true.</doc>
<status status="PASS" starttime="20240201 12:20:23.591" endtime="20240201 12:20:23.592"/>
</kw>
<kw name="Exit For Loop If" library="BuiltIn">
<arg>'${target_text}' in '${cell_text}'</arg>
<doc>Stops executing the enclosing FOR loop if the ``condition`` is true.</doc>
<status status="PASS" starttime="20240201 12:20:23.592" endtime="20240201 12:20:23.592"/>
</kw>
<status status="PASS" starttime="20240201 12:20:23.573" endtime="20240201 12:20:23.592"/>
</iter>
<iter>
<var name="${cell_element}">&lt;selenium.webdriver.remote.webelement.WebElement (session="764090a7-d7ac-43db-8878-517408533d70", element="77717722-9841-47bb-afaa-32c5a9e5d7c1")&gt;</var>
<kw name="Get Text" library="SeleniumLibrary">
<var>${cell_text}</var>
<arg>${cell_element}</arg>
<doc>Returns the text value of the element identified by ``locator``.</doc>
<msg timestamp="20240201 12:20:23.640" level="INFO">${cell_text} = Tina-240131-brv2-api20</msg>
<status status="PASS" starttime="20240201 12:20:23.593" endtime="20240201 12:20:23.640"/>
</kw>
<kw name="Run Keyword If" library="BuiltIn">
<arg>'${target_text}' in '${cell_text}'</arg>
<arg>Click Element</arg>
<arg>${cell_element}</arg>
<doc>Runs the given keyword with the given arguments, if ``condition`` is true.</doc>
<status status="PASS" starttime="20240201 12:20:23.640" endtime="20240201 12:20:23.641"/>
</kw>
<kw name="Exit For Loop If" library="BuiltIn">
<arg>'${target_text}' in '${cell_text}'</arg>
<doc>Stops executing the enclosing FOR loop if the ``condition`` is true.</doc>
<status status="PASS" starttime="20240201 12:20:23.641" endtime="20240201 12:20:23.642"/>
</kw>
<status status="PASS" starttime="20240201 12:20:23.593" endtime="20240201 12:20:23.642"/>
</iter>
<iter>
<var name="${cell_element}">&lt;selenium.webdriver.remote.webelement.WebElement (session="764090a7-d7ac-43db-8878-517408533d70", element="16f40a32-247c-42d1-bbbf-b8e219ff3d15")&gt;</var>
<kw name="Get Text" library="SeleniumLibrary">
<var>${cell_text}</var>
<arg>${cell_element}</arg>
<doc>Returns the text value of the element identified by ``locator``.</doc>
<msg timestamp="20240201 12:20:23.656" level="INFO">${cell_text} = Alexandra</msg>
<status status="PASS" starttime="20240201 12:20:23.642" endtime="20240201 12:20:23.657"/>
</kw>
<kw name="Run Keyword If" library="BuiltIn">
<arg>'${target_text}' in '${cell_text}'</arg>
<arg>Click Element</arg>
<arg>${cell_element}</arg>
<doc>Runs the given keyword with the given arguments, if ``condition`` is true.</doc>
<status status="PASS" starttime="20240201 12:20:23.657" endtime="20240201 12:20:23.658"/>
</kw>
<kw name="Exit For Loop If" library="BuiltIn">
<arg>'${target_text}' in '${cell_text}'</arg>
<doc>Stops executing the enclosing FOR loop if the ``condition`` is true.</doc>
<status status="PASS" starttime="20240201 12:20:23.658" endtime="20240201 12:20:23.658"/>
</kw>
<status status="PASS" starttime="20240201 12:20:23.642" endtime="20240201 12:20:23.658"/>
</iter>
<iter>
<var name="${cell_element}">&lt;selenium.webdriver.remote.webelement.WebElement (session="764090a7-d7ac-43db-8878-517408533d70", element="6f7566bf-e2ef-4a8c-bf9f-c6c381791425")&gt;</var>
<kw name="Get Text" library="SeleniumLibrary">
<var>${cell_text}</var>
<arg>${cell_element}</arg>
<doc>Returns the text value of the element identified by ``locator``.</doc>
<msg timestamp="20240201 12:20:23.676" level="INFO">${cell_text} = pro</msg>
<status status="PASS" starttime="20240201 12:20:23.659" endtime="20240201 12:20:23.676"/>
</kw>
<kw name="Run Keyword If" library="BuiltIn">
<arg>'${target_text}' in '${cell_text}'</arg>
<arg>Click Element</arg>
<arg>${cell_element}</arg>
<doc>Runs the given keyword with the given arguments, if ``condition`` is true.</doc>
<status status="PASS" starttime="20240201 12:20:23.676" endtime="20240201 12:20:23.678"/>
</kw>
<kw name="Exit For Loop If" library="BuiltIn">
<arg>'${target_text}' in '${cell_text}'</arg>
<doc>Stops executing the enclosing FOR loop if the ``condition`` is true.</doc>
<status status="PASS" starttime="20240201 12:20:23.678" endtime="20240201 12:20:23.678"/>
</kw>
<status status="PASS" starttime="20240201 12:20:23.658" endtime="20240201 12:20:23.678"/>
</iter>
<iter>
<var name="${cell_element}">&lt;selenium.webdriver.remote.webelement.WebElement (session="764090a7-d7ac-43db-8878-517408533d70", element="44335b9c-8c85-4e32-9235-1283254315ed")&gt;</var>
<kw name="Get Text" library="SeleniumLibrary">
<var>${cell_text}</var>
<arg>${cell_element}</arg>
<doc>Returns the text value of the element identified by ``locator``.</doc>
<msg timestamp="20240201 12:20:23.710" level="INFO">${cell_text} = 4</msg>
<status status="PASS" starttime="20240201 12:20:23.678" endtime="20240201 12:20:23.710"/>
</kw>
<kw name="Run Keyword If" library="BuiltIn">
<arg>'${target_text}' in '${cell_text}'</arg>
<arg>Click Element</arg>
<arg>${cell_element}</arg>
<doc>Runs the given keyword with the given arguments, if ``condition`` is true.</doc>
<status status="PASS" starttime="20240201 12:20:23.710" endtime="20240201 12:20:23.710"/>
</kw>
<kw name="Exit For Loop If" library="BuiltIn">
<arg>'${target_text}' in '${cell_text}'</arg>
<doc>Stops executing the enclosing FOR loop if the ``condition`` is true.</doc>
<status status="PASS" starttime="20240201 12:20:23.711" endtime="20240201 12:20:23.711"/>
</kw>
<status status="PASS" starttime="20240201 12:20:23.678" endtime="20240201 12:20:23.711"/>
</iter>
<iter>
<var name="${cell_element}">&lt;selenium.webdriver.remote.webelement.WebElement (session="764090a7-d7ac-43db-8878-517408533d70", element="7314bf37-ba59-485a-bcea-d38dcf02b256")&gt;</var>
<kw name="Get Text" library="SeleniumLibrary">
<var>${cell_text}</var>
<arg>${cell_element}</arg>
<doc>Returns the text value of the element identified by ``locator``.</doc>
<msg timestamp="20240201 12:20:23.731" level="INFO">${cell_text} = Tina</msg>
<status status="PASS" starttime="20240201 12:20:23.712" endtime="20240201 12:20:23.731"/>
</kw>
<kw name="Run Keyword If" library="BuiltIn">
<arg>'${target_text}' in '${cell_text}'</arg>
<arg>Click Element</arg>
<arg>${cell_element}</arg>
<doc>Runs the given keyword with the given arguments, if ``condition`` is true.</doc>
<status status="PASS" starttime="20240201 12:20:23.731" endtime="20240201 12:20:23.732"/>
</kw>
<kw name="Exit For Loop If" library="BuiltIn">
<arg>'${target_text}' in '${cell_text}'</arg>
<doc>Stops executing the enclosing FOR loop if the ``condition`` is true.</doc>
<status status="PASS" starttime="20240201 12:20:23.732" endtime="20240201 12:20:23.733"/>
</kw>
<status status="PASS" starttime="20240201 12:20:23.711" endtime="20240201 12:20:23.733"/>
</iter>
<iter>
<var name="${cell_element}">&lt;selenium.webdriver.remote.webelement.WebElement (session="764090a7-d7ac-43db-8878-517408533d70", element="23237a74-fa5e-477c-bff3-946b84c10b8b")&gt;</var>
<kw name="Get Text" library="SeleniumLibrary">
<var>${cell_text}</var>
<arg>${cell_element}</arg>
<doc>Returns the text value of the element identified by ``locator``.</doc>
<msg timestamp="20240201 12:20:23.742" level="INFO">${cell_text} = 2024-01-31</msg>
<status status="PASS" starttime="20240201 12:20:23.733" endtime="20240201 12:20:23.743"/>
</kw>
<kw name="Run Keyword If" library="BuiltIn">
<arg>'${target_text}' in '${cell_text}'</arg>
<arg>Click Element</arg>
<arg>${cell_element}</arg>
<doc>Runs the given keyword with the given arguments, if ``condition`` is true.</doc>
<status status="PASS" starttime="20240201 12:20:23.743" endtime="20240201 12:20:23.743"/>
</kw>
<kw name="Exit For Loop If" library="BuiltIn">
<arg>'${target_text}' in '${cell_text}'</arg>
<doc>Stops executing the enclosing FOR loop if the ``condition`` is true.</doc>
<status status="PASS" starttime="20240201 12:20:23.743" endtime="20240201 12:20:23.744"/>
</kw>
<status status="PASS" starttime="20240201 12:20:23.733" endtime="20240201 12:20:23.744"/>
</iter>
<iter>
<var name="${cell_element}">&lt;selenium.webdriver.remote.webelement.WebElement (session="764090a7-d7ac-43db-8878-517408533d70", element="2c97b359-dacf-47f9-be04-04f97f0fcaad")&gt;</var>
<kw name="Get Text" library="SeleniumLibrary">
<var>${cell_text}</var>
<arg>${cell_element}</arg>
<doc>Returns the text value of the element identified by ``locator``.</doc>
<msg timestamp="20240201 12:20:23.754" level="INFO">${cell_text} = 2024-01-31</msg>
<status status="PASS" starttime="20240201 12:20:23.744" endtime="20240201 12:20:23.754"/>
</kw>
<kw name="Run Keyword If" library="BuiltIn">
<arg>'${target_text}' in '${cell_text}'</arg>
<arg>Click Element</arg>
<arg>${cell_element}</arg>
<doc>Runs the given keyword with the given arguments, if ``condition`` is true.</doc>
<status status="PASS" starttime="20240201 12:20:23.754" endtime="20240201 12:20:23.755"/>
</kw>
<kw name="Exit For Loop If" library="BuiltIn">
<arg>'${target_text}' in '${cell_text}'</arg>
<doc>Stops executing the enclosing FOR loop if the ``condition`` is true.</doc>
<status status="PASS" starttime="20240201 12:20:23.755" endtime="20240201 12:20:23.755"/>
</kw>
<status status="PASS" starttime="20240201 12:20:23.744" endtime="20240201 12:20:23.755"/>
</iter>
<iter>
<var name="${cell_element}">&lt;selenium.webdriver.remote.webelement.WebElement (session="764090a7-d7ac-43db-8878-517408533d70", element="10877761-2c48-4539-b38d-2e1feb953c6e")&gt;</var>
<kw name="Get Text" library="SeleniumLibrary">
<var>${cell_text}</var>
<arg>${cell_element}</arg>
<doc>Returns the text value of the element identified by ``locator``.</doc>
<msg timestamp="20240201 12:20:23.766" level="INFO">${cell_text} = </msg>
<status status="PASS" starttime="20240201 12:20:23.756" endtime="20240201 12:20:23.766"/>
</kw>
<kw name="Run Keyword If" library="BuiltIn">
<arg>'${target_text}' in '${cell_text}'</arg>
<arg>Click Element</arg>
<arg>${cell_element}</arg>
<doc>Runs the given keyword with the given arguments, if ``condition`` is true.</doc>
<status status="PASS" starttime="20240201 12:20:23.767" endtime="20240201 12:20:23.767"/>
</kw>
<kw name="Exit For Loop If" library="BuiltIn">
<arg>'${target_text}' in '${cell_text}'</arg>
<doc>Stops executing the enclosing FOR loop if the ``condition`` is true.</doc>
<status status="PASS" starttime="20240201 12:20:23.767" endtime="20240201 12:20:23.768"/>
</kw>
<status status="PASS" starttime="20240201 12:20:23.756" endtime="20240201 12:20:23.768"/>
</iter>
<iter>
<var name="${cell_element}">&lt;selenium.webdriver.remote.webelement.WebElement (session="764090a7-d7ac-43db-8878-517408533d70", element="0d034ffe-9cac-4152-8d68-cabef4c18746")&gt;</var>
<kw name="Get Text" library="SeleniumLibrary">
<var>${cell_text}</var>
<arg>${cell_element}</arg>
<doc>Returns the text value of the element identified by ``locator``.</doc>
<msg timestamp="20240201 12:20:23.778" level="INFO">${cell_text} = 1132</msg>
<status status="PASS" starttime="20240201 12:20:23.769" endtime="20240201 12:20:23.778"/>
</kw>
<kw name="Run Keyword If" library="BuiltIn">
<arg>'${target_text}' in '${cell_text}'</arg>
<arg>Click Element</arg>
<arg>${cell_element}</arg>
<doc>Runs the given keyword with the given arguments, if ``condition`` is true.</doc>
<status status="PASS" starttime="20240201 12:20:23.778" endtime="20240201 12:20:23.779"/>
</kw>
<kw name="Exit For Loop If" library="BuiltIn">
<arg>'${target_text}' in '${cell_text}'</arg>
<doc>Stops executing the enclosing FOR loop if the ``condition`` is true.</doc>
<status status="PASS" starttime="20240201 12:20:23.779" endtime="20240201 12:20:23.779"/>
</kw>
<status status="PASS" starttime="20240201 12:20:23.769" endtime="20240201 12:20:23.779"/>
</iter>
<iter>
<var name="${cell_element}">&lt;selenium.webdriver.remote.webelement.WebElement (session="764090a7-d7ac-43db-8878-517408533d70", element="90db8f97-6642-4624-b871-f4525862b26f")&gt;</var>
<kw name="Get Text" library="SeleniumLibrary">
<var>${cell_text}</var>
<arg>${cell_element}</arg>
<doc>Returns the text value of the element identified by ``locator``.</doc>
<msg timestamp="20240201 12:20:23.789" level="INFO">${cell_text} = Sasha-240131-brv2-api10</msg>
<status status="PASS" starttime="20240201 12:20:23.780" endtime="20240201 12:20:23.789"/>
</kw>
<kw name="Run Keyword If" library="BuiltIn">
<arg>'${target_text}' in '${cell_text}'</arg>
<arg>Click Element</arg>
<arg>${cell_element}</arg>
<doc>Runs the given keyword with the given arguments, if ``condition`` is true.</doc>
<status status="PASS" starttime="20240201 12:20:23.790" endtime="20240201 12:20:23.790"/>
</kw>
<kw name="Exit For Loop If" library="BuiltIn">
<arg>'${target_text}' in '${cell_text}'</arg>
<doc>Stops executing the enclosing FOR loop if the ``condition`` is true.</doc>
<status status="PASS" starttime="20240201 12:20:23.790" endtime="20240201 12:20:23.791"/>
</kw>
<status status="PASS" starttime="20240201 12:20:23.779" endtime="20240201 12:20:23.791"/>
</iter>
<iter>
<var name="${cell_element}">&lt;selenium.webdriver.remote.webelement.WebElement (session="764090a7-d7ac-43db-8878-517408533d70", element="f1ccf91a-3433-4337-82f0-2d4b4f09ea83")&gt;</var>
<kw name="Get Text" library="SeleniumLibrary">
<var>${cell_text}</var>
<arg>${cell_element}</arg>
<doc>Returns the text value of the element identified by ``locator``.</doc>
<msg timestamp="20240201 12:20:23.801" level="INFO">${cell_text} = Alexandra</msg>
<status status="PASS" starttime="20240201 12:20:23.792" endtime="20240201 12:20:23.801"/>
</kw>
<kw name="Run Keyword If" library="BuiltIn">
<arg>'${target_text}' in '${cell_text}'</arg>
<arg>Click Element</arg>
<arg>${cell_element}</arg>
<doc>Runs the given keyword with the given arguments, if ``condition`` is true.</doc>
<status status="PASS" starttime="20240201 12:20:23.802" endtime="20240201 12:20:23.802"/>
</kw>
<kw name="Exit For Loop If" library="BuiltIn">
<arg>'${target_text}' in '${cell_text}'</arg>
<doc>Stops executing the enclosing FOR loop if the ``condition`` is true.</doc>
<status status="PASS" starttime="20240201 12:20:23.802" endtime="20240201 12:20:23.803"/>
</kw>
<status status="PASS" starttime="20240201 12:20:23.791" endtime="20240201 12:20:23.803"/>
</iter>
<iter>
<var name="${cell_element}">&lt;selenium.webdriver.remote.webelement.WebElement (session="764090a7-d7ac-43db-8878-517408533d70", element="e2052779-1187-44bf-ad7b-6a35357267bd")&gt;</var>
<kw name="Get Text" library="SeleniumLibrary">
<var>${cell_text}</var>
<arg>${cell_element}</arg>
<doc>Returns the text value of the element identified by ``locator``.</doc>
<msg timestamp="20240201 12:20:23.816" level="INFO">${cell_text} = pro</msg>
<status status="PASS" starttime="20240201 12:20:23.804" endtime="20240201 12:20:23.816"/>
</kw>
<kw name="Run Keyword If" library="BuiltIn">
<arg>'${target_text}' in '${cell_text}'</arg>
<arg>Click Element</arg>
<arg>${cell_element}</arg>
<doc>Runs the given keyword with the given arguments, if ``condition`` is true.</doc>
<status status="PASS" starttime="20240201 12:20:23.816" endtime="20240201 12:20:23.817"/>
</kw>
<kw name="Exit For Loop If" library="BuiltIn">
<arg>'${target_text}' in '${cell_text}'</arg>
<doc>Stops executing the enclosing FOR loop if the ``condition`` is true.</doc>
<status status="PASS" starttime="20240201 12:20:23.817" endtime="20240201 12:20:23.818"/>
</kw>
<status status="PASS" starttime="20240201 12:20:23.803" endtime="20240201 12:20:23.818"/>
</iter>
<iter>
<var name="${cell_element}">&lt;selenium.webdriver.remote.webelement.WebElement (session="764090a7-d7ac-43db-8878-517408533d70", element="c776bd8c-a8f6-4694-a8a0-42e955027ff1")&gt;</var>
<kw name="Get Text" library="SeleniumLibrary">
<var>${cell_text}</var>
<arg>${cell_element}</arg>
<doc>Returns the text value of the element identified by ``locator``.</doc>
<msg timestamp="20240201 12:20:23.833" level="INFO">${cell_text} = 3</msg>
<status status="PASS" starttime="20240201 12:20:23.819" endtime="20240201 12:20:23.835"/>
</kw>
<kw name="Run Keyword If" library="BuiltIn">
<arg>'${target_text}' in '${cell_text}'</arg>
<arg>Click Element</arg>
<arg>${cell_element}</arg>
<doc>Runs the given keyword with the given arguments, if ``condition`` is true.</doc>
<status status="PASS" starttime="20240201 12:20:23.835" endtime="20240201 12:20:23.836"/>
</kw>
<kw name="Exit For Loop If" library="BuiltIn">
<arg>'${target_text}' in '${cell_text}'</arg>
<doc>Stops executing the enclosing FOR loop if the ``condition`` is true.</doc>
<status status="PASS" starttime="20240201 12:20:23.836" endtime="20240201 12:20:23.837"/>
</kw>
<status status="PASS" starttime="20240201 12:20:23.818" endtime="20240201 12:20:23.837"/>
</iter>
<iter>
<var name="${cell_element}">&lt;selenium.webdriver.remote.webelement.WebElement (session="764090a7-d7ac-43db-8878-517408533d70", element="5c773baa-c071-4322-8d6a-f4d44b43cd64")&gt;</var>
<kw name="Get Text" library="SeleniumLibrary">
<var>${cell_text}</var>
<arg>${cell_element}</arg>
<doc>Returns the text value of the element identified by ``locator``.</doc>
<msg timestamp="20240201 12:20:23.849" level="INFO">${cell_text} = Alexandra</msg>
<status status="PASS" starttime="20240201 12:20:23.838" endtime="20240201 12:20:23.849"/>
</kw>
<kw name="Run Keyword If" library="BuiltIn">
<arg>'${target_text}' in '${cell_text}'</arg>
<arg>Click Element</arg>
<arg>${cell_element}</arg>
<doc>Runs the given keyword with the given arguments, if ``condition`` is true.</doc>
<status status="PASS" starttime="20240201 12:20:23.849" endtime="20240201 12:20:23.850"/>
</kw>
<kw name="Exit For Loop If" library="BuiltIn">
<arg>'${target_text}' in '${cell_text}'</arg>
<doc>Stops executing the enclosing FOR loop if the ``condition`` is true.</doc>
<status status="PASS" starttime="20240201 12:20:23.851" endtime="20240201 12:20:23.851"/>
</kw>
<status status="PASS" starttime="20240201 12:20:23.837" endtime="20240201 12:20:23.852"/>
</iter>
<iter>
<var name="${cell_element}">&lt;selenium.webdriver.remote.webelement.WebElement (session="764090a7-d7ac-43db-8878-517408533d70", element="7b7eafc2-d3c9-4fd0-a64c-93198ed9f22e")&gt;</var>
<kw name="Get Text" library="SeleniumLibrary">
<var>${cell_text}</var>
<arg>${cell_element}</arg>
<doc>Returns the text value of the element identified by ``locator``.</doc>
<msg timestamp="20240201 12:20:23.866" level="INFO">${cell_text} = 2024-02-01</msg>
<status status="PASS" starttime="20240201 12:20:23.852" endtime="20240201 12:20:23.866"/>
</kw>
<kw name="Run Keyword If" library="BuiltIn">
<arg>'${target_text}' in '${cell_text}'</arg>
<arg>Click Element</arg>
<arg>${cell_element}</arg>
<doc>Runs the given keyword with the given arguments, if ``condition`` is true.</doc>
<status status="PASS" starttime="20240201 12:20:23.866" endtime="20240201 12:20:23.867"/>
</kw>
<kw name="Exit For Loop If" library="BuiltIn">
<arg>'${target_text}' in '${cell_text}'</arg>
<doc>Stops executing the enclosing FOR loop if the ``condition`` is true.</doc>
<status status="PASS" starttime="20240201 12:20:23.867" endtime="20240201 12:20:23.868"/>
</kw>
<status status="PASS" starttime="20240201 12:20:23.852" endtime="20240201 12:20:23.868"/>
</iter>
<iter>
<var name="${cell_element}">&lt;selenium.webdriver.remote.webelement.WebElement (session="764090a7-d7ac-43db-8878-517408533d70", element="12a4071b-5d33-496d-b0c4-53cb2c5a02fc")&gt;</var>
<kw name="Get Text" library="SeleniumLibrary">
<var>${cell_text}</var>
<arg>${cell_element}</arg>
<doc>Returns the text value of the element identified by ``locator``.</doc>
<msg timestamp="20240201 12:20:23.882" level="INFO">${cell_text} = 2024-01-31</msg>
<status status="PASS" starttime="20240201 12:20:23.869" endtime="20240201 12:20:23.882"/>
</kw>
<kw name="Run Keyword If" library="BuiltIn">
<arg>'${target_text}' in '${cell_text}'</arg>
<arg>Click Element</arg>
<arg>${cell_element}</arg>
<doc>Runs the given keyword with the given arguments, if ``condition`` is true.</doc>
<status status="PASS" starttime="20240201 12:20:23.883" endtime="20240201 12:20:23.883"/>
</kw>
<kw name="Exit For Loop If" library="BuiltIn">
<arg>'${target_text}' in '${cell_text}'</arg>
<doc>Stops executing the enclosing FOR loop if the ``condition`` is true.</doc>
<status status="PASS" starttime="20240201 12:20:23.883" endtime="20240201 12:20:23.884"/>
</kw>
<status status="PASS" starttime="20240201 12:20:23.869" endtime="20240201 12:20:23.885"/>
</iter>
<iter>
<var name="${cell_element}">&lt;selenium.webdriver.remote.webelement.WebElement (session="764090a7-d7ac-43db-8878-517408533d70", element="714941aa-bc9d-4287-9a82-fe1bacb2c762")&gt;</var>
<kw name="Get Text" library="SeleniumLibrary">
<var>${cell_text}</var>
<arg>${cell_element}</arg>
<doc>Returns the text value of the element identified by ``locator``.</doc>
<msg timestamp="20240201 12:20:23.900" level="INFO">${cell_text} = </msg>
<status status="PASS" starttime="20240201 12:20:23.886" endtime="20240201 12:20:23.900"/>
</kw>
<kw name="Run Keyword If" library="BuiltIn">
<arg>'${target_text}' in '${cell_text}'</arg>
<arg>Click Element</arg>
<arg>${cell_element}</arg>
<doc>Runs the given keyword with the given arguments, if ``condition`` is true.</doc>
<status status="PASS" starttime="20240201 12:20:23.901" endtime="20240201 12:20:23.902"/>
</kw>
<kw name="Exit For Loop If" library="BuiltIn">
<arg>'${target_text}' in '${cell_text}'</arg>
<doc>Stops executing the enclosing FOR loop if the ``condition`` is true.</doc>
<status status="PASS" starttime="20240201 12:20:23.902" endtime="20240201 12:20:23.903"/>
</kw>
<status status="PASS" starttime="20240201 12:20:23.885" endtime="20240201 12:20:23.903"/>
</iter>
<iter>
<var name="${cell_element}">&lt;selenium.webdriver.remote.webelement.WebElement (session="764090a7-d7ac-43db-8878-517408533d70", element="b000975e-9965-4a0d-a9ab-4f92b8886a60")&gt;</var>
<kw name="Get Text" library="SeleniumLibrary">
<var>${cell_text}</var>
<arg>${cell_element}</arg>
<doc>Returns the text value of the element identified by ``locator``.</doc>
<msg timestamp="20240201 12:20:23.916" level="INFO">${cell_text} = 1131</msg>
<status status="PASS" starttime="20240201 12:20:23.904" endtime="20240201 12:20:23.916"/>
</kw>
<kw name="Run Keyword If" library="BuiltIn">
<arg>'${target_text}' in '${cell_text}'</arg>
<arg>Click Element</arg>
<arg>${cell_element}</arg>
<doc>Runs the given keyword with the given arguments, if ``condition`` is true.</doc>
<status status="PASS" starttime="20240201 12:20:23.917" endtime="20240201 12:20:23.917"/>
</kw>
<kw name="Exit For Loop If" library="BuiltIn">
<arg>'${target_text}' in '${cell_text}'</arg>
<doc>Stops executing the enclosing FOR loop if the ``condition`` is true.</doc>
<status status="PASS" starttime="20240201 12:20:23.918" endtime="20240201 12:20:23.919"/>
</kw>
<status status="PASS" starttime="20240201 12:20:23.904" endtime="20240201 12:20:23.919"/>
</iter>
<iter>
<var name="${cell_element}">&lt;selenium.webdriver.remote.webelement.WebElement (session="764090a7-d7ac-43db-8878-517408533d70", element="b0d4bbe9-fded-41be-80b3-4e649e589b71")&gt;</var>
<kw name="Get Text" library="SeleniumLibrary">
<var>${cell_text}</var>
<arg>${cell_element}</arg>
<doc>Returns the text value of the element identified by ``locator``.</doc>
<msg timestamp="20240201 12:20:23.929" level="INFO">${cell_text} = test1</msg>
<status status="PASS" starttime="20240201 12:20:23.919" endtime="20240201 12:20:23.929"/>
</kw>
<kw name="Run Keyword If" library="BuiltIn">
<arg>'${target_text}' in '${cell_text}'</arg>
<arg>Click Element</arg>
<arg>${cell_element}</arg>
<doc>Runs the given keyword with the given arguments, if ``condition`` is true.</doc>
<status status="PASS" starttime="20240201 12:20:23.929" endtime="20240201 12:20:23.930"/>
</kw>
<kw name="Exit For Loop If" library="BuiltIn">
<arg>'${target_text}' in '${cell_text}'</arg>
<doc>Stops executing the enclosing FOR loop if the ``condition`` is true.</doc>
<status status="PASS" starttime="20240201 12:20:23.930" endtime="20240201 12:20:23.930"/>
</kw>
<status status="PASS" starttime="20240201 12:20:23.919" endtime="20240201 12:20:23.930"/>
</iter>
<iter>
<var name="${cell_element}">&lt;selenium.webdriver.remote.webelement.WebElement (session="764090a7-d7ac-43db-8878-517408533d70", element="63602cb9-b9e1-4d69-8189-ba83ba4788a3")&gt;</var>
<kw name="Get Text" library="SeleniumLibrary">
<var>${cell_text}</var>
<arg>${cell_element}</arg>
<doc>Returns the text value of the element identified by ``locator``.</doc>
<msg timestamp="20240201 12:20:23.941" level="INFO">${cell_text} = Alexandra</msg>
<status status="PASS" starttime="20240201 12:20:23.931" endtime="20240201 12:20:23.941"/>
</kw>
<kw name="Run Keyword If" library="BuiltIn">
<arg>'${target_text}' in '${cell_text}'</arg>
<arg>Click Element</arg>
<arg>${cell_element}</arg>
<doc>Runs the given keyword with the given arguments, if ``condition`` is true.</doc>
<status status="PASS" starttime="20240201 12:20:23.942" endtime="20240201 12:20:23.942"/>
</kw>
<kw name="Exit For Loop If" library="BuiltIn">
<arg>'${target_text}' in '${cell_text}'</arg>
<doc>Stops executing the enclosing FOR loop if the ``condition`` is true.</doc>
<status status="PASS" starttime="20240201 12:20:23.942" endtime="20240201 12:20:23.943"/>
</kw>
<status status="PASS" starttime="20240201 12:20:23.931" endtime="20240201 12:20:23.943"/>
</iter>
<iter>
<var name="${cell_element}">&lt;selenium.webdriver.remote.webelement.WebElement (session="764090a7-d7ac-43db-8878-517408533d70", element="4bc98f5b-bfdb-40a5-abf2-2a99cefb52fa")&gt;</var>
<kw name="Get Text" library="SeleniumLibrary">
<var>${cell_text}</var>
<arg>${cell_element}</arg>
<doc>Returns the text value of the element identified by ``locator``.</doc>
<msg timestamp="20240201 12:20:23.953" level="INFO">${cell_text} = pro</msg>
<status status="PASS" starttime="20240201 12:20:23.943" endtime="20240201 12:20:23.954"/>
</kw>
<kw name="Run Keyword If" library="BuiltIn">
<arg>'${target_text}' in '${cell_text}'</arg>
<arg>Click Element</arg>
<arg>${cell_element}</arg>
<doc>Runs the given keyword with the given arguments, if ``condition`` is true.</doc>
<status status="PASS" starttime="20240201 12:20:23.954" endtime="20240201 12:20:23.954"/>
</kw>
<kw name="Exit For Loop If" library="BuiltIn">
<arg>'${target_text}' in '${cell_text}'</arg>
<doc>Stops executing the enclosing FOR loop if the ``condition`` is true.</doc>
<status status="PASS" starttime="20240201 12:20:23.955" endtime="20240201 12:20:23.955"/>
</kw>
<status status="PASS" starttime="20240201 12:20:23.943" endtime="20240201 12:20:23.955"/>
</iter>
<iter>
<var name="${cell_element}">&lt;selenium.webdriver.remote.webelement.WebElement (session="764090a7-d7ac-43db-8878-517408533d70", element="6a7b4b33-03c9-4e2f-b90d-0f6d15dd5d42")&gt;</var>
<kw name="Get Text" library="SeleniumLibrary">
<var>${cell_text}</var>
<arg>${cell_element}</arg>
<doc>Returns the text value of the element identified by ``locator``.</doc>
<msg timestamp="20240201 12:20:23.966" level="INFO">${cell_text} = 0</msg>
<status status="PASS" starttime="20240201 12:20:23.956" endtime="20240201 12:20:23.966"/>
</kw>
<kw name="Run Keyword If" library="BuiltIn">
<arg>'${target_text}' in '${cell_text}'</arg>
<arg>Click Element</arg>
<arg>${cell_element}</arg>
<doc>Runs the given keyword with the given arguments, if ``condition`` is true.</doc>
<status status="PASS" starttime="20240201 12:20:23.966" endtime="20240201 12:20:23.966"/>
</kw>
<kw name="Exit For Loop If" library="BuiltIn">
<arg>'${target_text}' in '${cell_text}'</arg>
<doc>Stops executing the enclosing FOR loop if the ``condition`` is true.</doc>
<status status="PASS" starttime="20240201 12:20:23.967" endtime="20240201 12:20:23.967"/>
</kw>
<status status="PASS" starttime="20240201 12:20:23.955" endtime="20240201 12:20:23.968"/>
</iter>
<iter>
<var name="${cell_element}">&lt;selenium.webdriver.remote.webelement.WebElement (session="764090a7-d7ac-43db-8878-517408533d70", element="58e7c4ca-c5ff-4897-b105-697cb9668716")&gt;</var>
<kw name="Get Text" library="SeleniumLibrary">
<var>${cell_text}</var>
<arg>${cell_element}</arg>
<doc>Returns the text value of the element identified by ``locator``.</doc>
<msg timestamp="20240201 12:20:23.978" level="INFO">${cell_text} = Alexandra</msg>
<status status="PASS" starttime="20240201 12:20:23.968" endtime="20240201 12:20:23.978"/>
</kw>
<kw name="Run Keyword If" library="BuiltIn">
<arg>'${target_text}' in '${cell_text}'</arg>
<arg>Click Element</arg>
<arg>${cell_element}</arg>
<doc>Runs the given keyword with the given arguments, if ``condition`` is true.</doc>
<status status="PASS" starttime="20240201 12:20:23.978" endtime="20240201 12:20:23.979"/>
</kw>
<kw name="Exit For Loop If" library="BuiltIn">
<arg>'${target_text}' in '${cell_text}'</arg>
<doc>Stops executing the enclosing FOR loop if the ``condition`` is true.</doc>
<status status="PASS" starttime="20240201 12:20:23.979" endtime="20240201 12:20:23.979"/>
</kw>
<status status="PASS" starttime="20240201 12:20:23.968" endtime="20240201 12:20:23.979"/>
</iter>
<iter>
<var name="${cell_element}">&lt;selenium.webdriver.remote.webelement.WebElement (session="764090a7-d7ac-43db-8878-517408533d70", element="d4a1bead-e9a4-4e73-8ee0-4b181c6447fa")&gt;</var>
<kw name="Get Text" library="SeleniumLibrary">
<var>${cell_text}</var>
<arg>${cell_element}</arg>
<doc>Returns the text value of the element identified by ``locator``.</doc>
<msg timestamp="20240201 12:20:23.990" level="INFO">${cell_text} = 2024-01-31</msg>
<status status="PASS" starttime="20240201 12:20:23.980" endtime="20240201 12:20:23.990"/>
</kw>
<kw name="Run Keyword If" library="BuiltIn">
<arg>'${target_text}' in '${cell_text}'</arg>
<arg>Click Element</arg>
<arg>${cell_element}</arg>
<doc>Runs the given keyword with the given arguments, if ``condition`` is true.</doc>
<status status="PASS" starttime="20240201 12:20:23.991" endtime="20240201 12:20:23.991"/>
</kw>
<kw name="Exit For Loop If" library="BuiltIn">
<arg>'${target_text}' in '${cell_text}'</arg>
<doc>Stops executing the enclosing FOR loop if the ``condition`` is true.</doc>
<status status="PASS" starttime="20240201 12:20:23.991" endtime="20240201 12:20:23.992"/>
</kw>
<status status="PASS" starttime="20240201 12:20:23.980" endtime="20240201 12:20:23.992"/>
</iter>
<iter>
<var name="${cell_element}">&lt;selenium.webdriver.remote.webelement.WebElement (session="764090a7-d7ac-43db-8878-517408533d70", element="a53f4fdc-0ebb-46a1-b712-e816478f6987")&gt;</var>
<kw name="Get Text" library="SeleniumLibrary">
<var>${cell_text}</var>
<arg>${cell_element}</arg>
<doc>Returns the text value of the element identified by ``locator``.</doc>
<msg timestamp="20240201 12:20:24.004" level="INFO">${cell_text} = 2024-01-29</msg>
<status status="PASS" starttime="20240201 12:20:23.993" endtime="20240201 12:20:24.004"/>
</kw>
<kw name="Run Keyword If" library="BuiltIn">
<arg>'${target_text}' in '${cell_text}'</arg>
<arg>Click Element</arg>
<arg>${cell_element}</arg>
<doc>Runs the given keyword with the given arguments, if ``condition`` is true.</doc>
<status status="PASS" starttime="20240201 12:20:24.004" endtime="20240201 12:20:24.005"/>
</kw>
<kw name="Exit For Loop If" library="BuiltIn">
<arg>'${target_text}' in '${cell_text}'</arg>
<doc>Stops executing the enclosing FOR loop if the ``condition`` is true.</doc>
<status status="PASS" starttime="20240201 12:20:24.005" endtime="20240201 12:20:24.005"/>
</kw>
<status status="PASS" starttime="20240201 12:20:23.992" endtime="20240201 12:20:24.005"/>
</iter>
<iter>
<var name="${cell_element}">&lt;selenium.webdriver.remote.webelement.WebElement (session="764090a7-d7ac-43db-8878-517408533d70", element="e29b368c-f745-4950-979b-b422190ada20")&gt;</var>
<kw name="Get Text" library="SeleniumLibrary">
<var>${cell_text}</var>
<arg>${cell_element}</arg>
<doc>Returns the text value of the element identified by ``locator``.</doc>
<msg timestamp="20240201 12:20:24.025" level="INFO">${cell_text} = </msg>
<status status="PASS" starttime="20240201 12:20:24.006" endtime="20240201 12:20:24.025"/>
</kw>
<kw name="Run Keyword If" library="BuiltIn">
<arg>'${target_text}' in '${cell_text}'</arg>
<arg>Click Element</arg>
<arg>${cell_element}</arg>
<doc>Runs the given keyword with the given arguments, if ``condition`` is true.</doc>
<status status="PASS" starttime="20240201 12:20:24.026" endtime="20240201 12:20:24.026"/>
</kw>
<kw name="Exit For Loop If" library="BuiltIn">
<arg>'${target_text}' in '${cell_text}'</arg>
<doc>Stops executing the enclosing FOR loop if the ``condition`` is true.</doc>
<status status="PASS" starttime="20240201 12:20:24.026" endtime="20240201 12:20:24.027"/>
</kw>
<status status="PASS" starttime="20240201 12:20:24.005" endtime="20240201 12:20:24.027"/>
</iter>
<iter>
<var name="${cell_element}">&lt;selenium.webdriver.remote.webelement.WebElement (session="764090a7-d7ac-43db-8878-517408533d70", element="4bb8cffc-a93a-4bd1-97a8-969cd76a64c6")&gt;</var>
<kw name="Get Text" library="SeleniumLibrary">
<var>${cell_text}</var>
<arg>${cell_element}</arg>
<doc>Returns the text value of the element identified by ``locator``.</doc>
<msg timestamp="20240201 12:20:24.042" level="INFO">${cell_text} = 1109</msg>
<status status="PASS" starttime="20240201 12:20:24.027" endtime="20240201 12:20:24.042"/>
</kw>
<kw name="Run Keyword If" library="BuiltIn">
<arg>'${target_text}' in '${cell_text}'</arg>
<arg>Click Element</arg>
<arg>${cell_element}</arg>
<doc>Runs the given keyword with the given arguments, if ``condition`` is true.</doc>
<status status="PASS" starttime="20240201 12:20:24.042" endtime="20240201 12:20:24.043"/>
</kw>
<kw name="Exit For Loop If" library="BuiltIn">
<arg>'${target_text}' in '${cell_text}'</arg>
<doc>Stops executing the enclosing FOR loop if the ``condition`` is true.</doc>
<status status="PASS" starttime="20240201 12:20:24.043" endtime="20240201 12:20:24.044"/>
</kw>
<status status="PASS" starttime="20240201 12:20:24.027" endtime="20240201 12:20:24.044"/>
</iter>
<iter>
<var name="${cell_element}">&lt;selenium.webdriver.remote.webelement.WebElement (session="764090a7-d7ac-43db-8878-517408533d70", element="0ece9a17-1431-4427-ad65-08040e5fe119")&gt;</var>
<kw name="Get Text" library="SeleniumLibrary">
<var>${cell_text}</var>
<arg>${cell_element}</arg>
<doc>Returns the text value of the element identified by ``locator``.</doc>
<msg timestamp="20240201 12:20:24.058" level="INFO">${cell_text} = Tina-240124-brv2-api10</msg>
<status status="PASS" starttime="20240201 12:20:24.044" endtime="20240201 12:20:24.058"/>
</kw>
<kw name="Run Keyword If" library="BuiltIn">
<arg>'${target_text}' in '${cell_text}'</arg>
<arg>Click Element</arg>
<arg>${cell_element}</arg>
<doc>Runs the given keyword with the given arguments, if ``condition`` is true.</doc>
<status status="PASS" starttime="20240201 12:20:24.058" endtime="20240201 12:20:24.059"/>
</kw>
<kw name="Exit For Loop If" library="BuiltIn">
<arg>'${target_text}' in '${cell_text}'</arg>
<doc>Stops executing the enclosing FOR loop if the ``condition`` is true.</doc>
<status status="PASS" starttime="20240201 12:20:24.060" endtime="20240201 12:20:24.060"/>
</kw>
<status status="PASS" starttime="20240201 12:20:24.044" endtime="20240201 12:20:24.061"/>
</iter>
<iter>
<var name="${cell_element}">&lt;selenium.webdriver.remote.webelement.WebElement (session="764090a7-d7ac-43db-8878-517408533d70", element="c2edb6e2-95ed-4c03-abcf-dd408deea175")&gt;</var>
<kw name="Get Text" library="SeleniumLibrary">
<var>${cell_text}</var>
<arg>${cell_element}</arg>
<doc>Returns the text value of the element identified by ``locator``.</doc>
<msg timestamp="20240201 12:20:24.074" level="INFO">${cell_text} = Savithri</msg>
<status status="PASS" starttime="20240201 12:20:24.061" endtime="20240201 12:20:24.075"/>
</kw>
<kw name="Run Keyword If" library="BuiltIn">
<arg>'${target_text}' in '${cell_text}'</arg>
<arg>Click Element</arg>
<arg>${cell_element}</arg>
<doc>Runs the given keyword with the given arguments, if ``condition`` is true.</doc>
<status status="PASS" starttime="20240201 12:20:24.075" endtime="20240201 12:20:24.075"/>
</kw>
<kw name="Exit For Loop If" library="BuiltIn">
<arg>'${target_text}' in '${cell_text}'</arg>
<doc>Stops executing the enclosing FOR loop if the ``condition`` is true.</doc>
<status status="PASS" starttime="20240201 12:20:24.076" endtime="20240201 12:20:24.076"/>
</kw>
<status status="PASS" starttime="20240201 12:20:24.061" endtime="20240201 12:20:24.076"/>
</iter>
<iter>
<var name="${cell_element}">&lt;selenium.webdriver.remote.webelement.WebElement (session="764090a7-d7ac-43db-8878-517408533d70", element="effa20f8-0834-4c37-bbd5-99be36c87be7")&gt;</var>
<kw name="Get Text" library="SeleniumLibrary">
<var>${cell_text}</var>
<arg>${cell_element}</arg>
<doc>Returns the text value of the element identified by ``locator``.</doc>
<msg timestamp="20240201 12:20:24.103" level="INFO">${cell_text} = pro</msg>
<status status="PASS" starttime="20240201 12:20:24.077" endtime="20240201 12:20:24.103"/>
</kw>
<kw name="Run Keyword If" library="BuiltIn">
<arg>'${target_text}' in '${cell_text}'</arg>
<arg>Click Element</arg>
<arg>${cell_element}</arg>
<doc>Runs the given keyword with the given arguments, if ``condition`` is true.</doc>
<status status="PASS" starttime="20240201 12:20:24.104" endtime="20240201 12:20:24.104"/>
</kw>
<kw name="Exit For Loop If" library="BuiltIn">
<arg>'${target_text}' in '${cell_text}'</arg>
<doc>Stops executing the enclosing FOR loop if the ``condition`` is true.</doc>
<status status="PASS" starttime="20240201 12:20:24.105" endtime="20240201 12:20:24.105"/>
</kw>
<status status="PASS" starttime="20240201 12:20:24.076" endtime="20240201 12:20:24.106"/>
</iter>
<iter>
<var name="${cell_element}">&lt;selenium.webdriver.remote.webelement.WebElement (session="764090a7-d7ac-43db-8878-517408533d70", element="d055a093-62f6-477a-9452-cf6b3850eb00")&gt;</var>
<kw name="Get Text" library="SeleniumLibrary">
<var>${cell_text}</var>
<arg>${cell_element}</arg>
<doc>Returns the text value of the element identified by ``locator``.</doc>
<msg timestamp="20240201 12:20:24.120" level="INFO">${cell_text} = 6</msg>
<status status="PASS" starttime="20240201 12:20:24.106" endtime="20240201 12:20:24.120"/>
</kw>
<kw name="Run Keyword If" library="BuiltIn">
<arg>'${target_text}' in '${cell_text}'</arg>
<arg>Click Element</arg>
<arg>${cell_element}</arg>
<doc>Runs the given keyword with the given arguments, if ``condition`` is true.</doc>
<status status="PASS" starttime="20240201 12:20:24.121" endtime="20240201 12:20:24.121"/>
</kw>
<kw name="Exit For Loop If" library="BuiltIn">
<arg>'${target_text}' in '${cell_text}'</arg>
<doc>Stops executing the enclosing FOR loop if the ``condition`` is true.</doc>
<status status="PASS" starttime="20240201 12:20:24.122" endtime="20240201 12:20:24.122"/>
</kw>
<status status="PASS" starttime="20240201 12:20:24.106" endtime="20240201 12:20:24.122"/>
</iter>
<iter>
<var name="${cell_element}">&lt;selenium.webdriver.remote.webelement.WebElement (session="764090a7-d7ac-43db-8878-517408533d70", element="0b177d36-17cd-4cbd-a4e6-631bfa175d23")&gt;</var>
<kw name="Get Text" library="SeleniumLibrary">
<var>${cell_text}</var>
<arg>${cell_element}</arg>
<doc>Returns the text value of the element identified by ``locator``.</doc>
<msg timestamp="20240201 12:20:24.136" level="INFO">${cell_text} = Tina</msg>
<status status="PASS" starttime="20240201 12:20:24.123" endtime="20240201 12:20:24.136"/>
</kw>
<kw name="Run Keyword If" library="BuiltIn">
<arg>'${target_text}' in '${cell_text}'</arg>
<arg>Click Element</arg>
<arg>${cell_element}</arg>
<doc>Runs the given keyword with the given arguments, if ``condition`` is true.</doc>
<status status="PASS" starttime="20240201 12:20:24.137" endtime="20240201 12:20:24.137"/>
</kw>
<kw name="Exit For Loop If" library="BuiltIn">
<arg>'${target_text}' in '${cell_text}'</arg>
<doc>Stops executing the enclosing FOR loop if the ``condition`` is true.</doc>
<status status="PASS" starttime="20240201 12:20:24.137" endtime="20240201 12:20:24.138"/>
</kw>
<status status="PASS" starttime="20240201 12:20:24.122" endtime="20240201 12:20:24.138"/>
</iter>
<iter>
<var name="${cell_element}">&lt;selenium.webdriver.remote.webelement.WebElement (session="764090a7-d7ac-43db-8878-517408533d70", element="9021e530-007b-423d-98d2-b03632e1a07d")&gt;</var>
<kw name="Get Text" library="SeleniumLibrary">
<var>${cell_text}</var>
<arg>${cell_element}</arg>
<doc>Returns the text value of the element identified by ``locator``.</doc>
<msg timestamp="20240201 12:20:24.150" level="INFO">${cell_text} = 2024-01-31</msg>
<status status="PASS" starttime="20240201 12:20:24.138" endtime="20240201 12:20:24.150"/>
</kw>
<kw name="Run Keyword If" library="BuiltIn">
<arg>'${target_text}' in '${cell_text}'</arg>
<arg>Click Element</arg>
<arg>${cell_element}</arg>
<doc>Runs the given keyword with the given arguments, if ``condition`` is true.</doc>
<status status="PASS" starttime="20240201 12:20:24.150" endtime="20240201 12:20:24.151"/>
</kw>
<kw name="Exit For Loop If" library="BuiltIn">
<arg>'${target_text}' in '${cell_text}'</arg>
<doc>Stops executing the enclosing FOR loop if the ``condition`` is true.</doc>
<status status="PASS" starttime="20240201 12:20:24.152" endtime="20240201 12:20:24.152"/>
</kw>
<status status="PASS" starttime="20240201 12:20:24.138" endtime="20240201 12:20:24.152"/>
</iter>
<iter>
<var name="${cell_element}">&lt;selenium.webdriver.remote.webelement.WebElement (session="764090a7-d7ac-43db-8878-517408533d70", element="7628f2d0-d3d6-4b2b-8fae-390a6684d971")&gt;</var>
<kw name="Get Text" library="SeleniumLibrary">
<var>${cell_text}</var>
<arg>${cell_element}</arg>
<doc>Returns the text value of the element identified by ``locator``.</doc>
<msg timestamp="20240201 12:20:24.164" level="INFO">${cell_text} = 2024-01-24</msg>
<status status="PASS" starttime="20240201 12:20:24.153" endtime="20240201 12:20:24.164"/>
</kw>
<kw name="Run Keyword If" library="BuiltIn">
<arg>'${target_text}' in '${cell_text}'</arg>
<arg>Click Element</arg>
<arg>${cell_element}</arg>
<doc>Runs the given keyword with the given arguments, if ``condition`` is true.</doc>
<status status="PASS" starttime="20240201 12:20:24.165" endtime="20240201 12:20:24.165"/>
</kw>
<kw name="Exit For Loop If" library="BuiltIn">
<arg>'${target_text}' in '${cell_text}'</arg>
<doc>Stops executing the enclosing FOR loop if the ``condition`` is true.</doc>
<status status="PASS" starttime="20240201 12:20:24.165" endtime="20240201 12:20:24.166"/>
</kw>
<status status="PASS" starttime="20240201 12:20:24.153" endtime="20240201 12:20:24.166"/>
</iter>
<iter>
<var name="${cell_element}">&lt;selenium.webdriver.remote.webelement.WebElement (session="764090a7-d7ac-43db-8878-517408533d70", element="ed3b1cf7-3978-41a6-9ad2-fa713f5ed695")&gt;</var>
<kw name="Get Text" library="SeleniumLibrary">
<var>${cell_text}</var>
<arg>${cell_element}</arg>
<doc>Returns the text value of the element identified by ``locator``.</doc>
<msg timestamp="20240201 12:20:24.180" level="INFO">${cell_text} = </msg>
<status status="PASS" starttime="20240201 12:20:24.166" endtime="20240201 12:20:24.180"/>
</kw>
<kw name="Run Keyword If" library="BuiltIn">
<arg>'${target_text}' in '${cell_text}'</arg>
<arg>Click Element</arg>
<arg>${cell_element}</arg>
<doc>Runs the given keyword with the given arguments, if ``condition`` is true.</doc>
<status status="PASS" starttime="20240201 12:20:24.180" endtime="20240201 12:20:24.181"/>
</kw>
<kw name="Exit For Loop If" library="BuiltIn">
<arg>'${target_text}' in '${cell_text}'</arg>
<doc>Stops executing the enclosing FOR loop if the ``condition`` is true.</doc>
<status status="PASS" starttime="20240201 12:20:24.181" endtime="20240201 12:20:24.181"/>
</kw>
<status status="PASS" starttime="20240201 12:20:24.166" endtime="20240201 12:20:24.181"/>
</iter>
<iter>
<var name="${cell_element}">&lt;selenium.webdriver.remote.webelement.WebElement (session="764090a7-d7ac-43db-8878-517408533d70", element="4e792576-60e1-4278-a0f2-3fcfc41104ea")&gt;</var>
<kw name="Get Text" library="SeleniumLibrary">
<var>${cell_text}</var>
<arg>${cell_element}</arg>
<doc>Returns the text value of the element identified by ``locator``.</doc>
<msg timestamp="20240201 12:20:24.193" level="INFO">${cell_text} = 1106</msg>
<status status="PASS" starttime="20240201 12:20:24.182" endtime="20240201 12:20:24.193"/>
</kw>
<kw name="Run Keyword If" library="BuiltIn">
<arg>'${target_text}' in '${cell_text}'</arg>
<arg>Click Element</arg>
<arg>${cell_element}</arg>
<doc>Runs the given keyword with the given arguments, if ``condition`` is true.</doc>
<status status="PASS" starttime="20240201 12:20:24.194" endtime="20240201 12:20:24.194"/>
</kw>
<kw name="Exit For Loop If" library="BuiltIn">
<arg>'${target_text}' in '${cell_text}'</arg>
<doc>Stops executing the enclosing FOR loop if the ``condition`` is true.</doc>
<status status="PASS" starttime="20240201 12:20:24.194" endtime="20240201 12:20:24.195"/>
</kw>
<status status="PASS" starttime="20240201 12:20:24.181" endtime="20240201 12:20:24.195"/>
</iter>
<iter>
<var name="${cell_element}">&lt;selenium.webdriver.remote.webelement.WebElement (session="764090a7-d7ac-43db-8878-517408533d70", element="ab049ddd-acf4-4cf2-be86-2c3d79d341b4")&gt;</var>
<kw name="Get Text" library="SeleniumLibrary">
<var>${cell_text}</var>
<arg>${cell_element}</arg>
<doc>Returns the text value of the element identified by ``locator``.</doc>
<msg timestamp="20240201 12:20:24.206" level="INFO">${cell_text} = Sasha-240124-brv2-api20</msg>
<status status="PASS" starttime="20240201 12:20:24.195" endtime="20240201 12:20:24.206"/>
</kw>
<kw name="Run Keyword If" library="BuiltIn">
<arg>'${target_text}' in '${cell_text}'</arg>
<arg>Click Element</arg>
<arg>${cell_element}</arg>
<doc>Runs the given keyword with the given arguments, if ``condition`` is true.</doc>
<kw name="Click Element" library="SeleniumLibrary">
<arg>${cell_element}</arg>
<doc>Click the element identified by ``locator``.</doc>
<msg timestamp="20240201 12:20:24.207" level="INFO">Clicking element '&lt;selenium.webdriver.remote.webelement.WebElement (session="764090a7-d7ac-43db-8878-517408533d70", element="ab049ddd-acf4-4cf2-be86-2c3d79d341b4")&gt;'.</msg>
<status status="PASS" starttime="20240201 12:20:24.207" endtime="20240201 12:20:24.430"/>
</kw>
<status status="PASS" starttime="20240201 12:20:24.206" endtime="20240201 12:20:24.431"/>
</kw>
<kw name="Exit For Loop If" library="BuiltIn">
<arg>'${target_text}' in '${cell_text}'</arg>
<doc>Stops executing the enclosing FOR loop if the ``condition`` is true.</doc>
<msg timestamp="20240201 12:20:24.431" level="INFO">Exiting for loop altogether.</msg>
<status status="PASS" starttime="20240201 12:20:24.431" endtime="20240201 12:20:24.432"/>
</kw>
<status status="PASS" starttime="20240201 12:20:24.195" endtime="20240201 12:20:24.432"/>
</iter>
<status status="PASS" starttime="20240201 12:20:23.573" endtime="20240201 12:20:24.432"/>
</for>
<kw name="Wait Until Page Does Not Contain Element" library="SeleniumLibrary">
<arg>${loader_screen}</arg>
<arg>timeout=30s</arg>
<doc>Waits until the element ``locator`` disappears from the current page.</doc>
<status status="PASS" starttime="20240201 12:20:24.432" endtime="20240201 12:20:40.800"/>
</kw>
<status status="PASS" starttime="20240201 12:20:20.303" endtime="20240201 12:20:40.800"/>
</kw>
<kw name="Wait Until Element Is Not Visible" library="SeleniumLibrary">
<arg>${loader_screen}</arg>
<arg>timeout=15s</arg>
<doc>Waits until the element ``locator`` is not visible.</doc>
<status status="PASS" starttime="20240201 12:20:40.800" endtime="20240201 12:20:55.805"/>
</kw>
<kw name="Wait Until Element Is Visible" library="SeleniumLibrary">
<arg>${users_tab}</arg>
<arg>timeout=10s</arg>
<doc>Waits until the element ``locator`` is visible.</doc>
<status status="PASS" starttime="20240201 12:20:55.805" endtime="20240201 12:20:55.820"/>
</kw>
<kw name="Click Element" library="SeleniumLibrary">
<arg>${users_tab}</arg>
<doc>Click the element identified by ``locator``.</doc>
<msg timestamp="20240201 12:20:55.821" level="INFO">Clicking element '//a[@name='user_list_view']'.</msg>
<status status="PASS" starttime="20240201 12:20:55.820" endtime="20240201 12:20:56.107"/>
</kw>
<kw name="Wait Until Element Is Not Visible" library="SeleniumLibrary">
<arg>${loader_screen}</arg>
<arg>timeout=15s</arg>
<doc>Waits until the element ``locator`` is not visible.</doc>
<status status="PASS" starttime="20240201 12:20:56.108" endtime="20240201 12:21:13.335"/>
</kw>
<kw name="Wait Until Element Is Visible and Enabled">
<arg>${broadcast_button}</arg>
<arg>timeout=5s</arg>
<kw name="Wait Until Element Is Visible" library="SeleniumLibrary">
<arg>${locator}</arg>
<arg>timeout=${timeout}</arg>
<doc>Waits until the element ``locator`` is visible.</doc>
<status status="PASS" starttime="20240201 12:21:13.336" endtime="20240201 12:21:13.346"/>
</kw>
<kw name="Wait Until Element Is Enabled" library="SeleniumLibrary">
<arg>${locator}</arg>
<arg>timeout=${timeout}</arg>
<doc>Waits until the element ``locator`` is enabled.</doc>
<status status="PASS" starttime="20240201 12:21:13.347" endtime="20240201 12:21:13.363"/>
</kw>
<status status="PASS" starttime="20240201 12:21:13.335" endtime="20240201 12:21:13.363"/>
</kw>
<kw name="Click Button" library="SeleniumLibrary">
<arg>${broadcast_button}</arg>
<doc>Clicks the button identified by ``locator``.</doc>
<msg timestamp="20240201 12:21:13.364" level="INFO">Clicking button '//button[@id='btn_broadcast']'.</msg>
<status status="PASS" starttime="20240201 12:21:13.363" endtime="20240201 12:21:13.606"/>
</kw>
<kw name="Wait Until Element Is Visible and Enabled">
<arg>${broadcast_popup}</arg>
<arg>timeout=5s</arg>
<kw name="Wait Until Element Is Visible" library="SeleniumLibrary">
<arg>${locator}</arg>
<arg>timeout=${timeout}</arg>
<doc>Waits until the element ``locator`` is visible.</doc>
<status status="PASS" starttime="20240201 12:21:13.608" endtime="20240201 12:21:13.634"/>
</kw>
<kw name="Wait Until Element Is Enabled" library="SeleniumLibrary">
<arg>${locator}</arg>
<arg>timeout=${timeout}</arg>
<doc>Waits until the element ``locator`` is enabled.</doc>
<status status="PASS" starttime="20240201 12:21:13.635" endtime="20240201 12:21:13.660"/>
</kw>
<status status="PASS" starttime="20240201 12:21:13.607" endtime="20240201 12:21:13.660"/>
</kw>
<kw name="Click Element" library="SeleniumLibrary">
<arg>${group1}</arg>
<doc>Click the element identified by ``locator``.</doc>
<msg timestamp="20240201 12:21:13.661" level="INFO">Clicking element '//h5[normalize-space()='group1']'.</msg>
<status status="PASS" starttime="20240201 12:21:13.660" endtime="20240201 12:21:14.154"/>
</kw>
<kw name="Wait Until Element Is Visible and Enabled">
<arg>${textitem1_br}</arg>
<kw name="Wait Until Element Is Visible" library="SeleniumLibrary">
<arg>${locator}</arg>
<arg>timeout=${timeout}</arg>
<doc>Waits until the element ``locator`` is visible.</doc>
<status status="PASS" starttime="20240201 12:21:14.155" endtime="20240201 12:21:14.167"/>
</kw>
<kw name="Wait Until Element Is Enabled" library="SeleniumLibrary">
<arg>${locator}</arg>
<arg>timeout=${timeout}</arg>
<doc>Waits until the element ``locator`` is enabled.</doc>
<status status="PASS" starttime="20240201 12:21:14.168" endtime="20240201 12:21:14.184"/>
</kw>
<status status="PASS" starttime="20240201 12:21:14.155" endtime="20240201 12:21:14.184"/>
</kw>
<kw name="Click Element" library="SeleniumLibrary">
<arg>${textitem1_br}</arg>
<doc>Click the element identified by ``locator``.</doc>
<msg timestamp="20240201 12:21:14.185" level="INFO">Clicking element '//h5[normalize-space()='textitem1']'.</msg>
<status status="PASS" starttime="20240201 12:21:14.184" endtime="20240201 12:21:14.426"/>
</kw>
<kw name="Click Button" library="SeleniumLibrary">
<arg>${send_broadcast}</arg>
<doc>Clicks the button identified by ``locator``.</doc>
<msg timestamp="20240201 12:21:14.427" level="INFO">Clicking button '//button[@class='icon send label']'.</msg>
<status status="PASS" starttime="20240201 12:21:14.426" endtime="20240201 12:21:14.653"/>
</kw>
<kw name="Wait Until Element Is Visible" library="SeleniumLibrary">
<arg>${sucess_sending_message}</arg>
<arg>timeout=10s</arg>
<doc>Waits until the element ``locator`` is visible.</doc>
<status status="PASS" starttime="20240201 12:21:14.653" endtime="20240201 12:21:14.935"/>
</kw>
<kw name="Get Text" library="SeleniumLibrary">
<var>${actual_message}</var>
<arg>${sucess_sending_message}</arg>
<doc>Returns the text value of the element identified by ``locator``.</doc>
<msg timestamp="20240201 12:21:14.952" level="INFO">${actual_message} = Broadcasting request has been submitted and is now processing.</msg>
<status status="PASS" starttime="20240201 12:21:14.935" endtime="20240201 12:21:14.952"/>
</kw>
<kw name="Should Be Equal As Strings" library="BuiltIn">
<arg>${actual_message}</arg>
<arg>Broadcasting request has been submitted and is now processing.</arg>
<doc>Fails if objects are unequal after converting them to strings.</doc>
<status status="PASS" starttime="20240201 12:21:14.952" endtime="20240201 12:21:14.953"/>
</kw>
<kw name="Close Browser" library="SeleniumLibrary" type="TEARDOWN">
<doc>Closes the current browser.</doc>
<status status="PASS" starttime="20240201 12:21:14.953" endtime="20240201 12:21:17.812"/>
</kw>
<doc>This test sends a broadcast message (textitem1) to all users using regular broadcasting functionality.</doc>
<tag>API1.0</tag>
<tag>Broadcast</tag>
<tag>Demo</tag>
<tag>New App Popup</tag>
<tag>Regression</tag>
<status status="PASS" starttime="20240201 12:20:08.046" endtime="20240201 12:21:17.812"/>
</test>
<status status="PASS" starttime="20240201 12:20:07.792" endtime="20240201 12:21:17.813"/>
</suite>
<statistics>
<total>
<stat pass="1" fail="0" skip="0">All Tests</stat>
</total>
<tag>
<stat pass="1" fail="0" skip="0">API1.0</stat>
<stat pass="1" fail="0" skip="0">Broadcast</stat>
<stat pass="1" fail="0" skip="0">Demo</stat>
<stat pass="1" fail="0" skip="0">New App Popup</stat>
<stat pass="1" fail="0" skip="0">Regression</stat>
</tag>
<suite>
<stat pass="1" fail="0" skip="0" id="s1" name="Demo">Demo</stat>
</suite>
</statistics>
<errors>
</errors>
</robot>
