<?xml version="1.0" encoding="UTF-8"?>
<robot generator="Robot 6.1.1 (Python 3.10.10 on win32)" generated="20240129 16:31:32.164" rpa="false" schemaversion="4">
<suite id="s1" name="Demo" source="C:\Users\Professional\PycharmProjects\RobotDemo\tests\Demo.robot">
<test id="s1-t1" name="send textitem1 broadcast" line="94">
<kw name="Setup Webdriver" type="SETUP">
<kw name="Evaluate" library="BuiltIn">
<var>${options}</var>
<arg>sys.modules['selenium.webdriver'].ChromeOptions()</arg>
<arg>sys</arg>
<doc>Evaluates the given expression in Python and returns the result.</doc>
<msg timestamp="20240129 16:31:32.365" level="INFO">${options} = &lt;selenium.webdriver.chrome.options.Options object at 0x000001F1405BCFA0&gt;</msg>
<status status="PASS" starttime="20240129 16:31:32.365" endtime="20240129 16:31:32.365"/>
</kw>
<kw name="Call Method" library="BuiltIn">
<arg>${options}</arg>
<arg>add_argument</arg>
<arg>--disable-notifications</arg>
<doc>Calls the named method of the given object with the provided arguments.</doc>
<status status="PASS" starttime="20240129 16:31:32.365" endtime="20240129 16:31:32.365"/>
</kw>
<kw name="Call Method" library="BuiltIn">
<arg>${options}</arg>
<arg>add_argument</arg>
<arg>--disable-infobars</arg>
<doc>Calls the named method of the given object with the provided arguments.</doc>
<status status="PASS" starttime="20240129 16:31:32.365" endtime="20240129 16:31:32.365"/>
</kw>
<kw name="Call Method" library="BuiltIn">
<arg>${options}</arg>
<arg>add_argument</arg>
<arg>--disable-extensions</arg>
<doc>Calls the named method of the given object with the provided arguments.</doc>
<status status="PASS" starttime="20240129 16:31:32.365" endtime="20240129 16:31:32.365"/>
</kw>
<kw name="Call Method" library="BuiltIn">
<arg>${options}</arg>
<arg>add_argument</arg>
<arg>--no-sandbox</arg>
<doc>Calls the named method of the given object with the provided arguments.</doc>
<status status="PASS" starttime="20240129 16:31:32.365" endtime="20240129 16:31:32.365"/>
</kw>
<kw name="Call Method" library="BuiltIn">
<arg>${options}</arg>
<arg>add_argument</arg>
<arg>--start-maximized</arg>
<doc>Calls the named method of the given object with the provided arguments.</doc>
<status status="PASS" starttime="20240129 16:31:32.365" endtime="20240129 16:31:32.365"/>
</kw>
<kw name="Call Method" library="BuiltIn">
<arg>${options}</arg>
<arg>add_argument</arg>
<arg>--disable-dev-shm-usage</arg>
<doc>Calls the named method of the given object with the provided arguments.</doc>
<status status="PASS" starttime="20240129 16:31:32.365" endtime="20240129 16:31:32.365"/>
</kw>
<kw name="Create Webdriver" library="SeleniumLibrary">
<arg>Chrome</arg>
<arg>options=${options}</arg>
<doc>Creates an instance of Selenium WebDriver.</doc>
<msg timestamp="20240129 16:31:32.365" level="INFO">Creating an instance of the Chrome WebDriver.</msg>
<status status="PASS" starttime="20240129 16:31:32.365" endtime="20240129 16:31:33.523"/>
</kw>
<kw name="Set Selenium Implicit Wait" library="SeleniumLibrary">
<arg>60s</arg>
<doc>Sets the implicit wait value used by Selenium.</doc>
<status status="PASS" starttime="20240129 16:31:33.523" endtime="20240129 16:31:33.523"/>
</kw>
<status status="PASS" starttime="20240129 16:31:32.365" endtime="20240129 16:31:33.523"/>
</kw>
<kw name="Set Variable" library="BuiltIn">
<var>${test_bot}</var>
<arg>Sasha-240124-brv2-api20</arg>
<doc>Returns the given values which can then be assigned to a variables.</doc>
<msg timestamp="20240129 16:31:33.523" level="INFO">${test_bot} = Sasha-240124-brv2-api20</msg>
<status status="PASS" starttime="20240129 16:31:33.523" endtime="20240129 16:31:33.523"/>
</kw>
<kw name="Set Variable" library="BuiltIn">
<var>${bot_names_list}</var>
<arg>//table[@class='list-view']</arg>
<doc>Returns the given values which can then be assigned to a variables.</doc>
<msg timestamp="20240129 16:31:33.523" level="INFO">${bot_names_list} = //table[@class='list-view']</msg>
<status status="PASS" starttime="20240129 16:31:33.523" endtime="20240129 16:31:33.523"/>
</kw>
<kw name="Login">
<arg>${credentials}[email]</arg>
<arg>${credentials}[password]</arg>
<kw name="Go To" library="SeleniumLibrary">
<arg>${environment}</arg>
<doc>Navigates the current browser window to the provided ``url``.</doc>
<msg timestamp="20240129 16:31:33.523" level="INFO">Opening url 'https://pre.bonp.me//member'</msg>
<status status="PASS" starttime="20240129 16:31:33.523" endtime="20240129 16:31:43.764"/>
</kw>
<kw name="Wait Until Element Is Visible and Enabled">
<arg>${email_input}</arg>
<kw name="Wait Until Element Is Visible" library="SeleniumLibrary">
<arg>${locator}</arg>
<arg>timeout=${timeout}</arg>
<doc>Waits until the element ``locator`` is visible.</doc>
<status status="PASS" starttime="20240129 16:31:43.765" endtime="20240129 16:31:43.790"/>
</kw>
<kw name="Wait Until Element Is Enabled" library="SeleniumLibrary">
<arg>${locator}</arg>
<arg>timeout=${timeout}</arg>
<doc>Waits until the element ``locator`` is enabled.</doc>
<status status="PASS" starttime="20240129 16:31:43.790" endtime="20240129 16:31:43.815"/>
</kw>
<status status="PASS" starttime="20240129 16:31:43.765" endtime="20240129 16:31:43.815"/>
</kw>
<kw name="Input Text" library="SeleniumLibrary">
<arg>${email_input}</arg>
<arg>${username}</arg>
<doc>Types the given ``text`` into the text field identified by ``locator``.</doc>
<msg timestamp="20240129 16:31:43.816" level="INFO">Typing text 'alexandra@evolany.com' into text field '//input[@name='email']'.</msg>
<status status="PASS" starttime="20240129 16:31:43.815" endtime="20240129 16:31:43.915"/>
</kw>
<kw name="Wait Until Element Is Visible and Enabled">
<arg>${pass_input}</arg>
<kw name="Wait Until Element Is Visible" library="SeleniumLibrary">
<arg>${locator}</arg>
<arg>timeout=${timeout}</arg>
<doc>Waits until the element ``locator`` is visible.</doc>
<status status="PASS" starttime="20240129 16:31:43.916" endtime="20240129 16:31:43.939"/>
</kw>
<kw name="Wait Until Element Is Enabled" library="SeleniumLibrary">
<arg>${locator}</arg>
<arg>timeout=${timeout}</arg>
<doc>Waits until the element ``locator`` is enabled.</doc>
<status status="PASS" starttime="20240129 16:31:43.940" endtime="20240129 16:31:43.962"/>
</kw>
<status status="PASS" starttime="20240129 16:31:43.915" endtime="20240129 16:31:43.962"/>
</kw>
<kw name="Input Text" library="SeleniumLibrary">
<arg>${pass_input}</arg>
<arg>${password}</arg>
<doc>Types the given ``text`` into the text field identified by ``locator``.</doc>
<msg timestamp="20240129 16:31:43.963" level="INFO">Typing text '221373897221373897qW!' into text field '//input[@name='pass']'.</msg>
<status status="PASS" starttime="20240129 16:31:43.962" endtime="20240129 16:31:44.041"/>
</kw>
<kw name="Wait Until Element Is Visible and Enabled">
<arg>${submit_button}</arg>
<kw name="Wait Until Element Is Visible" library="SeleniumLibrary">
<arg>${locator}</arg>
<arg>timeout=${timeout}</arg>
<doc>Waits until the element ``locator`` is visible.</doc>
<status status="PASS" starttime="20240129 16:31:44.042" endtime="20240129 16:31:44.060"/>
</kw>
<kw name="Wait Until Element Is Enabled" library="SeleniumLibrary">
<arg>${locator}</arg>
<arg>timeout=${timeout}</arg>
<doc>Waits until the element ``locator`` is enabled.</doc>
<status status="PASS" starttime="20240129 16:31:44.060" endtime="20240129 16:31:44.080"/>
</kw>
<status status="PASS" starttime="20240129 16:31:44.042" endtime="20240129 16:31:44.080"/>
</kw>
<kw name="Click Button" library="SeleniumLibrary">
<arg>${submit_button}</arg>
<doc>Clicks the button identified by ``locator``.</doc>
<msg timestamp="20240129 16:31:44.081" level="INFO">Clicking button '//button[@type='text']'.</msg>
<status status="PASS" starttime="20240129 16:31:44.080" endtime="20240129 16:31:44.131"/>
</kw>
<status status="PASS" starttime="20240129 16:31:33.523" endtime="20240129 16:31:44.131"/>
</kw>
<kw name="Open Specified Bot">
<arg>${bot_names_list}</arg>
<arg>${test_bot}</arg>
<kw name="Wait Until Element Is Visible and Enabled">
<arg>${table_locator}</arg>
<kw name="Wait Until Element Is Visible" library="SeleniumLibrary">
<arg>${locator}</arg>
<arg>timeout=${timeout}</arg>
<doc>Waits until the element ``locator`` is visible.</doc>
<status status="PASS" starttime="20240129 16:31:44.132" endtime="20240129 16:31:47.054"/>
</kw>
<kw name="Wait Until Element Is Enabled" library="SeleniumLibrary">
<arg>${locator}</arg>
<arg>timeout=${timeout}</arg>
<doc>Waits until the element ``locator`` is enabled.</doc>
<status status="PASS" starttime="20240129 16:31:47.054" endtime="20240129 16:31:47.078"/>
</kw>
<status status="PASS" starttime="20240129 16:31:44.131" endtime="20240129 16:31:47.078"/>
</kw>
<kw name="Get WebElements" library="SeleniumLibrary">
<var>${table_elements}</var>
<arg>${table_locator}//td</arg>
<doc>Returns a list of WebElement objects matching the ``locator``.</doc>
<msg timestamp="20240129 16:31:47.431" level="INFO">${table_elements} = [&lt;selenium.webdriver.remote.webelement.WebElement (session="b645894b4a829aab6cc3db6b4458d90e", element="991D50C8B37B14E37424FEB77509E08E_element_31")&gt;, &lt;selenium.webdriver.remote.webelement.WebElement...</msg>
<status status="PASS" starttime="20240129 16:31:47.078" endtime="20240129 16:31:47.431"/>
</kw>
<for flavor="IN">
<var>${cell_element}</var>
<value>@{table_elements}</value>
<iter>
<var name="${cell_element}">&lt;selenium.webdriver.remote.webelement.WebElement (session="b645894b4a829aab6cc3db6b4458d90e", element="991D50C8B37B14E37424FEB77509E08E_element_31")&gt;</var>
<kw name="Get Text" library="SeleniumLibrary">
<var>${cell_text}</var>
<arg>${cell_element}</arg>
<doc>Returns the text value of the element identified by ``locator``.</doc>
<msg timestamp="20240129 16:31:47.446" level="INFO">${cell_text} = 1129</msg>
<status status="PASS" starttime="20240129 16:31:47.431" endtime="20240129 16:31:47.446"/>
</kw>
<kw name="Run Keyword If" library="BuiltIn">
<arg>'${target_text}' in '${cell_text}'</arg>
<arg>Click Element</arg>
<arg>${cell_element}</arg>
<doc>Runs the given keyword with the given arguments, if ``condition`` is true.</doc>
<status status="PASS" starttime="20240129 16:31:47.446" endtime="20240129 16:31:47.446"/>
</kw>
<kw name="Exit For Loop If" library="BuiltIn">
<arg>'${target_text}' in '${cell_text}'</arg>
<doc>Stops executing the enclosing FOR loop if the ``condition`` is true.</doc>
<status status="PASS" starttime="20240129 16:31:47.446" endtime="20240129 16:31:47.447"/>
</kw>
<status status="PASS" starttime="20240129 16:31:47.431" endtime="20240129 16:31:47.447"/>
</iter>
<iter>
<var name="${cell_element}">&lt;selenium.webdriver.remote.webelement.WebElement (session="b645894b4a829aab6cc3db6b4458d90e", element="991D50C8B37B14E37424FEB77509E08E_element_32")&gt;</var>
<kw name="Get Text" library="SeleniumLibrary">
<var>${cell_text}</var>
<arg>${cell_element}</arg>
<doc>Returns the text value of the element identified by ``locator``.</doc>
<msg timestamp="20240129 16:31:47.452" level="INFO">${cell_text} = test1</msg>
<status status="PASS" starttime="20240129 16:31:47.447" endtime="20240129 16:31:47.452"/>
</kw>
<kw name="Run Keyword If" library="BuiltIn">
<arg>'${target_text}' in '${cell_text}'</arg>
<arg>Click Element</arg>
<arg>${cell_element}</arg>
<doc>Runs the given keyword with the given arguments, if ``condition`` is true.</doc>
<status status="PASS" starttime="20240129 16:31:47.452" endtime="20240129 16:31:47.452"/>
</kw>
<kw name="Exit For Loop If" library="BuiltIn">
<arg>'${target_text}' in '${cell_text}'</arg>
<doc>Stops executing the enclosing FOR loop if the ``condition`` is true.</doc>
<status status="PASS" starttime="20240129 16:31:47.452" endtime="20240129 16:31:47.452"/>
</kw>
<status status="PASS" starttime="20240129 16:31:47.447" endtime="20240129 16:31:47.452"/>
</iter>
<iter>
<var name="${cell_element}">&lt;selenium.webdriver.remote.webelement.WebElement (session="b645894b4a829aab6cc3db6b4458d90e", element="991D50C8B37B14E37424FEB77509E08E_element_33")&gt;</var>
<kw name="Get Text" library="SeleniumLibrary">
<var>${cell_text}</var>
<arg>${cell_element}</arg>
<doc>Returns the text value of the element identified by ``locator``.</doc>
<msg timestamp="20240129 16:31:47.452" level="INFO">${cell_text} = Alexandra</msg>
<status status="PASS" starttime="20240129 16:31:47.452" endtime="20240129 16:31:47.452"/>
</kw>
<kw name="Run Keyword If" library="BuiltIn">
<arg>'${target_text}' in '${cell_text}'</arg>
<arg>Click Element</arg>
<arg>${cell_element}</arg>
<doc>Runs the given keyword with the given arguments, if ``condition`` is true.</doc>
<status status="PASS" starttime="20240129 16:31:47.452" endtime="20240129 16:31:47.452"/>
</kw>
<kw name="Exit For Loop If" library="BuiltIn">
<arg>'${target_text}' in '${cell_text}'</arg>
<doc>Stops executing the enclosing FOR loop if the ``condition`` is true.</doc>
<status status="PASS" starttime="20240129 16:31:47.452" endtime="20240129 16:31:47.452"/>
</kw>
<status status="PASS" starttime="20240129 16:31:47.452" endtime="20240129 16:31:47.452"/>
</iter>
<iter>
<var name="${cell_element}">&lt;selenium.webdriver.remote.webelement.WebElement (session="b645894b4a829aab6cc3db6b4458d90e", element="991D50C8B37B14E37424FEB77509E08E_element_34")&gt;</var>
<kw name="Get Text" library="SeleniumLibrary">
<var>${cell_text}</var>
<arg>${cell_element}</arg>
<doc>Returns the text value of the element identified by ``locator``.</doc>
<msg timestamp="20240129 16:31:47.469" level="INFO">${cell_text} = pro</msg>
<status status="PASS" starttime="20240129 16:31:47.452" endtime="20240129 16:31:47.469"/>
</kw>
<kw name="Run Keyword If" library="BuiltIn">
<arg>'${target_text}' in '${cell_text}'</arg>
<arg>Click Element</arg>
<arg>${cell_element}</arg>
<doc>Runs the given keyword with the given arguments, if ``condition`` is true.</doc>
<status status="PASS" starttime="20240129 16:31:47.469" endtime="20240129 16:31:47.469"/>
</kw>
<kw name="Exit For Loop If" library="BuiltIn">
<arg>'${target_text}' in '${cell_text}'</arg>
<doc>Stops executing the enclosing FOR loop if the ``condition`` is true.</doc>
<status status="PASS" starttime="20240129 16:31:47.469" endtime="20240129 16:31:47.469"/>
</kw>
<status status="PASS" starttime="20240129 16:31:47.452" endtime="20240129 16:31:47.469"/>
</iter>
<iter>
<var name="${cell_element}">&lt;selenium.webdriver.remote.webelement.WebElement (session="b645894b4a829aab6cc3db6b4458d90e", element="991D50C8B37B14E37424FEB77509E08E_element_35")&gt;</var>
<kw name="Get Text" library="SeleniumLibrary">
<var>${cell_text}</var>
<arg>${cell_element}</arg>
<doc>Returns the text value of the element identified by ``locator``.</doc>
<msg timestamp="20240129 16:31:47.469" level="INFO">${cell_text} = 0</msg>
<status status="PASS" starttime="20240129 16:31:47.469" endtime="20240129 16:31:47.469"/>
</kw>
<kw name="Run Keyword If" library="BuiltIn">
<arg>'${target_text}' in '${cell_text}'</arg>
<arg>Click Element</arg>
<arg>${cell_element}</arg>
<doc>Runs the given keyword with the given arguments, if ``condition`` is true.</doc>
<status status="PASS" starttime="20240129 16:31:47.469" endtime="20240129 16:31:47.469"/>
</kw>
<kw name="Exit For Loop If" library="BuiltIn">
<arg>'${target_text}' in '${cell_text}'</arg>
<doc>Stops executing the enclosing FOR loop if the ``condition`` is true.</doc>
<status status="PASS" starttime="20240129 16:31:47.469" endtime="20240129 16:31:47.469"/>
</kw>
<status status="PASS" starttime="20240129 16:31:47.469" endtime="20240129 16:31:47.469"/>
</iter>
<iter>
<var name="${cell_element}">&lt;selenium.webdriver.remote.webelement.WebElement (session="b645894b4a829aab6cc3db6b4458d90e", element="991D50C8B37B14E37424FEB77509E08E_element_36")&gt;</var>
<kw name="Get Text" library="SeleniumLibrary">
<var>${cell_text}</var>
<arg>${cell_element}</arg>
<doc>Returns the text value of the element identified by ``locator``.</doc>
<msg timestamp="20240129 16:31:47.485" level="INFO">${cell_text} = Alexandra</msg>
<status status="PASS" starttime="20240129 16:31:47.469" endtime="20240129 16:31:47.485"/>
</kw>
<kw name="Run Keyword If" library="BuiltIn">
<arg>'${target_text}' in '${cell_text}'</arg>
<arg>Click Element</arg>
<arg>${cell_element}</arg>
<doc>Runs the given keyword with the given arguments, if ``condition`` is true.</doc>
<status status="PASS" starttime="20240129 16:31:47.485" endtime="20240129 16:31:47.485"/>
</kw>
<kw name="Exit For Loop If" library="BuiltIn">
<arg>'${target_text}' in '${cell_text}'</arg>
<doc>Stops executing the enclosing FOR loop if the ``condition`` is true.</doc>
<status status="PASS" starttime="20240129 16:31:47.485" endtime="20240129 16:31:47.485"/>
</kw>
<status status="PASS" starttime="20240129 16:31:47.469" endtime="20240129 16:31:47.485"/>
</iter>
<iter>
<var name="${cell_element}">&lt;selenium.webdriver.remote.webelement.WebElement (session="b645894b4a829aab6cc3db6b4458d90e", element="991D50C8B37B14E37424FEB77509E08E_element_37")&gt;</var>
<kw name="Get Text" library="SeleniumLibrary">
<var>${cell_text}</var>
<arg>${cell_element}</arg>
<doc>Returns the text value of the element identified by ``locator``.</doc>
<msg timestamp="20240129 16:31:47.485" level="INFO">${cell_text} = 2024-01-29</msg>
<status status="PASS" starttime="20240129 16:31:47.485" endtime="20240129 16:31:47.485"/>
</kw>
<kw name="Run Keyword If" library="BuiltIn">
<arg>'${target_text}' in '${cell_text}'</arg>
<arg>Click Element</arg>
<arg>${cell_element}</arg>
<doc>Runs the given keyword with the given arguments, if ``condition`` is true.</doc>
<status status="PASS" starttime="20240129 16:31:47.485" endtime="20240129 16:31:47.485"/>
</kw>
<kw name="Exit For Loop If" library="BuiltIn">
<arg>'${target_text}' in '${cell_text}'</arg>
<doc>Stops executing the enclosing FOR loop if the ``condition`` is true.</doc>
<status status="PASS" starttime="20240129 16:31:47.485" endtime="20240129 16:31:47.485"/>
</kw>
<status status="PASS" starttime="20240129 16:31:47.485" endtime="20240129 16:31:47.485"/>
</iter>
<iter>
<var name="${cell_element}">&lt;selenium.webdriver.remote.webelement.WebElement (session="b645894b4a829aab6cc3db6b4458d90e", element="991D50C8B37B14E37424FEB77509E08E_element_38")&gt;</var>
<kw name="Get Text" library="SeleniumLibrary">
<var>${cell_text}</var>
<arg>${cell_element}</arg>
<doc>Returns the text value of the element identified by ``locator``.</doc>
<msg timestamp="20240129 16:31:47.502" level="INFO">${cell_text} = 2024-01-29</msg>
<status status="PASS" starttime="20240129 16:31:47.485" endtime="20240129 16:31:47.502"/>
</kw>
<kw name="Run Keyword If" library="BuiltIn">
<arg>'${target_text}' in '${cell_text}'</arg>
<arg>Click Element</arg>
<arg>${cell_element}</arg>
<doc>Runs the given keyword with the given arguments, if ``condition`` is true.</doc>
<status status="PASS" starttime="20240129 16:31:47.502" endtime="20240129 16:31:47.502"/>
</kw>
<kw name="Exit For Loop If" library="BuiltIn">
<arg>'${target_text}' in '${cell_text}'</arg>
<doc>Stops executing the enclosing FOR loop if the ``condition`` is true.</doc>
<status status="PASS" starttime="20240129 16:31:47.502" endtime="20240129 16:31:47.502"/>
</kw>
<status status="PASS" starttime="20240129 16:31:47.485" endtime="20240129 16:31:47.502"/>
</iter>
<iter>
<var name="${cell_element}">&lt;selenium.webdriver.remote.webelement.WebElement (session="b645894b4a829aab6cc3db6b4458d90e", element="991D50C8B37B14E37424FEB77509E08E_element_39")&gt;</var>
<kw name="Get Text" library="SeleniumLibrary">
<var>${cell_text}</var>
<arg>${cell_element}</arg>
<doc>Returns the text value of the element identified by ``locator``.</doc>
<msg timestamp="20240129 16:31:47.502" level="INFO">${cell_text} = </msg>
<status status="PASS" starttime="20240129 16:31:47.502" endtime="20240129 16:31:47.502"/>
</kw>
<kw name="Run Keyword If" library="BuiltIn">
<arg>'${target_text}' in '${cell_text}'</arg>
<arg>Click Element</arg>
<arg>${cell_element}</arg>
<doc>Runs the given keyword with the given arguments, if ``condition`` is true.</doc>
<status status="PASS" starttime="20240129 16:31:47.502" endtime="20240129 16:31:47.502"/>
</kw>
<kw name="Exit For Loop If" library="BuiltIn">
<arg>'${target_text}' in '${cell_text}'</arg>
<doc>Stops executing the enclosing FOR loop if the ``condition`` is true.</doc>
<status status="PASS" starttime="20240129 16:31:47.502" endtime="20240129 16:31:47.502"/>
</kw>
<status status="PASS" starttime="20240129 16:31:47.502" endtime="20240129 16:31:47.502"/>
</iter>
<iter>
<var name="${cell_element}">&lt;selenium.webdriver.remote.webelement.WebElement (session="b645894b4a829aab6cc3db6b4458d90e", element="991D50C8B37B14E37424FEB77509E08E_element_40")&gt;</var>
<kw name="Get Text" library="SeleniumLibrary">
<var>${cell_text}</var>
<arg>${cell_element}</arg>
<doc>Returns the text value of the element identified by ``locator``.</doc>
<msg timestamp="20240129 16:31:47.519" level="INFO">${cell_text} = 1109</msg>
<status status="PASS" starttime="20240129 16:31:47.502" endtime="20240129 16:31:47.519"/>
</kw>
<kw name="Run Keyword If" library="BuiltIn">
<arg>'${target_text}' in '${cell_text}'</arg>
<arg>Click Element</arg>
<arg>${cell_element}</arg>
<doc>Runs the given keyword with the given arguments, if ``condition`` is true.</doc>
<status status="PASS" starttime="20240129 16:31:47.519" endtime="20240129 16:31:47.519"/>
</kw>
<kw name="Exit For Loop If" library="BuiltIn">
<arg>'${target_text}' in '${cell_text}'</arg>
<doc>Stops executing the enclosing FOR loop if the ``condition`` is true.</doc>
<status status="PASS" starttime="20240129 16:31:47.519" endtime="20240129 16:31:47.519"/>
</kw>
<status status="PASS" starttime="20240129 16:31:47.502" endtime="20240129 16:31:47.519"/>
</iter>
<iter>
<var name="${cell_element}">&lt;selenium.webdriver.remote.webelement.WebElement (session="b645894b4a829aab6cc3db6b4458d90e", element="991D50C8B37B14E37424FEB77509E08E_element_41")&gt;</var>
<kw name="Get Text" library="SeleniumLibrary">
<var>${cell_text}</var>
<arg>${cell_element}</arg>
<doc>Returns the text value of the element identified by ``locator``.</doc>
<msg timestamp="20240129 16:31:47.519" level="INFO">${cell_text} = Tina-240124-brv2-api10</msg>
<status status="PASS" starttime="20240129 16:31:47.519" endtime="20240129 16:31:47.519"/>
</kw>
<kw name="Run Keyword If" library="BuiltIn">
<arg>'${target_text}' in '${cell_text}'</arg>
<arg>Click Element</arg>
<arg>${cell_element}</arg>
<doc>Runs the given keyword with the given arguments, if ``condition`` is true.</doc>
<status status="PASS" starttime="20240129 16:31:47.519" endtime="20240129 16:31:47.519"/>
</kw>
<kw name="Exit For Loop If" library="BuiltIn">
<arg>'${target_text}' in '${cell_text}'</arg>
<doc>Stops executing the enclosing FOR loop if the ``condition`` is true.</doc>
<status status="PASS" starttime="20240129 16:31:47.519" endtime="20240129 16:31:47.519"/>
</kw>
<status status="PASS" starttime="20240129 16:31:47.519" endtime="20240129 16:31:47.519"/>
</iter>
<iter>
<var name="${cell_element}">&lt;selenium.webdriver.remote.webelement.WebElement (session="b645894b4a829aab6cc3db6b4458d90e", element="991D50C8B37B14E37424FEB77509E08E_element_42")&gt;</var>
<kw name="Get Text" library="SeleniumLibrary">
<var>${cell_text}</var>
<arg>${cell_element}</arg>
<doc>Returns the text value of the element identified by ``locator``.</doc>
<msg timestamp="20240129 16:31:47.535" level="INFO">${cell_text} = Alexandra</msg>
<status status="PASS" starttime="20240129 16:31:47.519" endtime="20240129 16:31:47.535"/>
</kw>
<kw name="Run Keyword If" library="BuiltIn">
<arg>'${target_text}' in '${cell_text}'</arg>
<arg>Click Element</arg>
<arg>${cell_element}</arg>
<doc>Runs the given keyword with the given arguments, if ``condition`` is true.</doc>
<status status="PASS" starttime="20240129 16:31:47.535" endtime="20240129 16:31:47.535"/>
</kw>
<kw name="Exit For Loop If" library="BuiltIn">
<arg>'${target_text}' in '${cell_text}'</arg>
<doc>Stops executing the enclosing FOR loop if the ``condition`` is true.</doc>
<status status="PASS" starttime="20240129 16:31:47.535" endtime="20240129 16:31:47.535"/>
</kw>
<status status="PASS" starttime="20240129 16:31:47.519" endtime="20240129 16:31:47.535"/>
</iter>
<iter>
<var name="${cell_element}">&lt;selenium.webdriver.remote.webelement.WebElement (session="b645894b4a829aab6cc3db6b4458d90e", element="991D50C8B37B14E37424FEB77509E08E_element_43")&gt;</var>
<kw name="Get Text" library="SeleniumLibrary">
<var>${cell_text}</var>
<arg>${cell_element}</arg>
<doc>Returns the text value of the element identified by ``locator``.</doc>
<msg timestamp="20240129 16:31:47.535" level="INFO">${cell_text} = pro</msg>
<status status="PASS" starttime="20240129 16:31:47.535" endtime="20240129 16:31:47.535"/>
</kw>
<kw name="Run Keyword If" library="BuiltIn">
<arg>'${target_text}' in '${cell_text}'</arg>
<arg>Click Element</arg>
<arg>${cell_element}</arg>
<doc>Runs the given keyword with the given arguments, if ``condition`` is true.</doc>
<status status="PASS" starttime="20240129 16:31:47.535" endtime="20240129 16:31:47.535"/>
</kw>
<kw name="Exit For Loop If" library="BuiltIn">
<arg>'${target_text}' in '${cell_text}'</arg>
<doc>Stops executing the enclosing FOR loop if the ``condition`` is true.</doc>
<status status="PASS" starttime="20240129 16:31:47.535" endtime="20240129 16:31:47.535"/>
</kw>
<status status="PASS" starttime="20240129 16:31:47.535" endtime="20240129 16:31:47.535"/>
</iter>
<iter>
<var name="${cell_element}">&lt;selenium.webdriver.remote.webelement.WebElement (session="b645894b4a829aab6cc3db6b4458d90e", element="991D50C8B37B14E37424FEB77509E08E_element_44")&gt;</var>
<kw name="Get Text" library="SeleniumLibrary">
<var>${cell_text}</var>
<arg>${cell_element}</arg>
<doc>Returns the text value of the element identified by ``locator``.</doc>
<msg timestamp="20240129 16:31:47.552" level="INFO">${cell_text} = 6</msg>
<status status="PASS" starttime="20240129 16:31:47.535" endtime="20240129 16:31:47.552"/>
</kw>
<kw name="Run Keyword If" library="BuiltIn">
<arg>'${target_text}' in '${cell_text}'</arg>
<arg>Click Element</arg>
<arg>${cell_element}</arg>
<doc>Runs the given keyword with the given arguments, if ``condition`` is true.</doc>
<status status="PASS" starttime="20240129 16:31:47.552" endtime="20240129 16:31:47.552"/>
</kw>
<kw name="Exit For Loop If" library="BuiltIn">
<arg>'${target_text}' in '${cell_text}'</arg>
<doc>Stops executing the enclosing FOR loop if the ``condition`` is true.</doc>
<status status="PASS" starttime="20240129 16:31:47.552" endtime="20240129 16:31:47.552"/>
</kw>
<status status="PASS" starttime="20240129 16:31:47.535" endtime="20240129 16:31:47.552"/>
</iter>
<iter>
<var name="${cell_element}">&lt;selenium.webdriver.remote.webelement.WebElement (session="b645894b4a829aab6cc3db6b4458d90e", element="991D50C8B37B14E37424FEB77509E08E_element_45")&gt;</var>
<kw name="Get Text" library="SeleniumLibrary">
<var>${cell_text}</var>
<arg>${cell_element}</arg>
<doc>Returns the text value of the element identified by ``locator``.</doc>
<msg timestamp="20240129 16:31:47.552" level="INFO">${cell_text} = Alexandra</msg>
<status status="PASS" starttime="20240129 16:31:47.552" endtime="20240129 16:31:47.552"/>
</kw>
<kw name="Run Keyword If" library="BuiltIn">
<arg>'${target_text}' in '${cell_text}'</arg>
<arg>Click Element</arg>
<arg>${cell_element}</arg>
<doc>Runs the given keyword with the given arguments, if ``condition`` is true.</doc>
<status status="PASS" starttime="20240129 16:31:47.552" endtime="20240129 16:31:47.552"/>
</kw>
<kw name="Exit For Loop If" library="BuiltIn">
<arg>'${target_text}' in '${cell_text}'</arg>
<doc>Stops executing the enclosing FOR loop if the ``condition`` is true.</doc>
<status status="PASS" starttime="20240129 16:31:47.552" endtime="20240129 16:31:47.552"/>
</kw>
<status status="PASS" starttime="20240129 16:31:47.552" endtime="20240129 16:31:47.552"/>
</iter>
<iter>
<var name="${cell_element}">&lt;selenium.webdriver.remote.webelement.WebElement (session="b645894b4a829aab6cc3db6b4458d90e", element="991D50C8B37B14E37424FEB77509E08E_element_46")&gt;</var>
<kw name="Get Text" library="SeleniumLibrary">
<var>${cell_text}</var>
<arg>${cell_element}</arg>
<doc>Returns the text value of the element identified by ``locator``.</doc>
<msg timestamp="20240129 16:31:47.569" level="INFO">${cell_text} = 2024-01-26</msg>
<status status="PASS" starttime="20240129 16:31:47.552" endtime="20240129 16:31:47.569"/>
</kw>
<kw name="Run Keyword If" library="BuiltIn">
<arg>'${target_text}' in '${cell_text}'</arg>
<arg>Click Element</arg>
<arg>${cell_element}</arg>
<doc>Runs the given keyword with the given arguments, if ``condition`` is true.</doc>
<status status="PASS" starttime="20240129 16:31:47.569" endtime="20240129 16:31:47.569"/>
</kw>
<kw name="Exit For Loop If" library="BuiltIn">
<arg>'${target_text}' in '${cell_text}'</arg>
<doc>Stops executing the enclosing FOR loop if the ``condition`` is true.</doc>
<status status="PASS" starttime="20240129 16:31:47.569" endtime="20240129 16:31:47.569"/>
</kw>
<status status="PASS" starttime="20240129 16:31:47.552" endtime="20240129 16:31:47.569"/>
</iter>
<iter>
<var name="${cell_element}">&lt;selenium.webdriver.remote.webelement.WebElement (session="b645894b4a829aab6cc3db6b4458d90e", element="991D50C8B37B14E37424FEB77509E08E_element_47")&gt;</var>
<kw name="Get Text" library="SeleniumLibrary">
<var>${cell_text}</var>
<arg>${cell_element}</arg>
<doc>Returns the text value of the element identified by ``locator``.</doc>
<msg timestamp="20240129 16:31:47.569" level="INFO">${cell_text} = 2024-01-24</msg>
<status status="PASS" starttime="20240129 16:31:47.569" endtime="20240129 16:31:47.569"/>
</kw>
<kw name="Run Keyword If" library="BuiltIn">
<arg>'${target_text}' in '${cell_text}'</arg>
<arg>Click Element</arg>
<arg>${cell_element}</arg>
<doc>Runs the given keyword with the given arguments, if ``condition`` is true.</doc>
<status status="PASS" starttime="20240129 16:31:47.569" endtime="20240129 16:31:47.569"/>
</kw>
<kw name="Exit For Loop If" library="BuiltIn">
<arg>'${target_text}' in '${cell_text}'</arg>
<doc>Stops executing the enclosing FOR loop if the ``condition`` is true.</doc>
<status status="PASS" starttime="20240129 16:31:47.569" endtime="20240129 16:31:47.569"/>
</kw>
<status status="PASS" starttime="20240129 16:31:47.569" endtime="20240129 16:31:47.569"/>
</iter>
<iter>
<var name="${cell_element}">&lt;selenium.webdriver.remote.webelement.WebElement (session="b645894b4a829aab6cc3db6b4458d90e", element="991D50C8B37B14E37424FEB77509E08E_element_48")&gt;</var>
<kw name="Get Text" library="SeleniumLibrary">
<var>${cell_text}</var>
<arg>${cell_element}</arg>
<doc>Returns the text value of the element identified by ``locator``.</doc>
<msg timestamp="20240129 16:31:47.585" level="INFO">${cell_text} = </msg>
<status status="PASS" starttime="20240129 16:31:47.569" endtime="20240129 16:31:47.585"/>
</kw>
<kw name="Run Keyword If" library="BuiltIn">
<arg>'${target_text}' in '${cell_text}'</arg>
<arg>Click Element</arg>
<arg>${cell_element}</arg>
<doc>Runs the given keyword with the given arguments, if ``condition`` is true.</doc>
<status status="PASS" starttime="20240129 16:31:47.585" endtime="20240129 16:31:47.585"/>
</kw>
<kw name="Exit For Loop If" library="BuiltIn">
<arg>'${target_text}' in '${cell_text}'</arg>
<doc>Stops executing the enclosing FOR loop if the ``condition`` is true.</doc>
<status status="PASS" starttime="20240129 16:31:47.585" endtime="20240129 16:31:47.585"/>
</kw>
<status status="PASS" starttime="20240129 16:31:47.569" endtime="20240129 16:31:47.585"/>
</iter>
<iter>
<var name="${cell_element}">&lt;selenium.webdriver.remote.webelement.WebElement (session="b645894b4a829aab6cc3db6b4458d90e", element="991D50C8B37B14E37424FEB77509E08E_element_49")&gt;</var>
<kw name="Get Text" library="SeleniumLibrary">
<var>${cell_text}</var>
<arg>${cell_element}</arg>
<doc>Returns the text value of the element identified by ``locator``.</doc>
<msg timestamp="20240129 16:31:47.585" level="INFO">${cell_text} = 1106</msg>
<status status="PASS" starttime="20240129 16:31:47.585" endtime="20240129 16:31:47.585"/>
</kw>
<kw name="Run Keyword If" library="BuiltIn">
<arg>'${target_text}' in '${cell_text}'</arg>
<arg>Click Element</arg>
<arg>${cell_element}</arg>
<doc>Runs the given keyword with the given arguments, if ``condition`` is true.</doc>
<status status="PASS" starttime="20240129 16:31:47.585" endtime="20240129 16:31:47.585"/>
</kw>
<kw name="Exit For Loop If" library="BuiltIn">
<arg>'${target_text}' in '${cell_text}'</arg>
<doc>Stops executing the enclosing FOR loop if the ``condition`` is true.</doc>
<status status="PASS" starttime="20240129 16:31:47.585" endtime="20240129 16:31:47.585"/>
</kw>
<status status="PASS" starttime="20240129 16:31:47.585" endtime="20240129 16:31:47.585"/>
</iter>
<iter>
<var name="${cell_element}">&lt;selenium.webdriver.remote.webelement.WebElement (session="b645894b4a829aab6cc3db6b4458d90e", element="991D50C8B37B14E37424FEB77509E08E_element_50")&gt;</var>
<kw name="Get Text" library="SeleniumLibrary">
<var>${cell_text}</var>
<arg>${cell_element}</arg>
<doc>Returns the text value of the element identified by ``locator``.</doc>
<msg timestamp="20240129 16:31:47.602" level="INFO">${cell_text} = Sasha-240124-brv2-api20</msg>
<status status="PASS" starttime="20240129 16:31:47.585" endtime="20240129 16:31:47.602"/>
</kw>
<kw name="Run Keyword If" library="BuiltIn">
<arg>'${target_text}' in '${cell_text}'</arg>
<arg>Click Element</arg>
<arg>${cell_element}</arg>
<doc>Runs the given keyword with the given arguments, if ``condition`` is true.</doc>
<kw name="Click Element" library="SeleniumLibrary">
<arg>${cell_element}</arg>
<doc>Click the element identified by ``locator``.</doc>
<msg timestamp="20240129 16:31:47.602" level="INFO">Clicking element '&lt;selenium.webdriver.remote.webelement.WebElement (session="b645894b4a829aab6cc3db6b4458d90e", element="991D50C8B37B14E37424FEB77509E08E_element_50")&gt;'.</msg>
<status status="PASS" starttime="20240129 16:31:47.602" endtime="20240129 16:31:47.643"/>
</kw>
<status status="PASS" starttime="20240129 16:31:47.602" endtime="20240129 16:31:47.643"/>
</kw>
<kw name="Exit For Loop If" library="BuiltIn">
<arg>'${target_text}' in '${cell_text}'</arg>
<doc>Stops executing the enclosing FOR loop if the ``condition`` is true.</doc>
<msg timestamp="20240129 16:31:47.643" level="INFO">Exiting for loop altogether.</msg>
<status status="PASS" starttime="20240129 16:31:47.643" endtime="20240129 16:31:47.643"/>
</kw>
<status status="PASS" starttime="20240129 16:31:47.585" endtime="20240129 16:31:47.643"/>
</iter>
<status status="PASS" starttime="20240129 16:31:47.431" endtime="20240129 16:31:47.643"/>
</for>
<kw name="Wait Until Page Does Not Contain Element" library="SeleniumLibrary">
<arg>${loader_screen}</arg>
<arg>timeout=30s</arg>
<doc>Waits until the element ``locator`` disappears from the current page.</doc>
<status status="PASS" starttime="20240129 16:31:47.643" endtime="20240129 16:32:52.460"/>
</kw>
<status status="PASS" starttime="20240129 16:31:44.131" endtime="20240129 16:32:52.460"/>
</kw>
<kw name="Wait Until Element Is Not Visible" library="SeleniumLibrary">
<arg>${loader_screen}</arg>
<arg>timeout=30s</arg>
<doc>Waits until the element ``locator`` is not visible.</doc>
<status status="PASS" starttime="20240129 16:32:52.460" endtime="20240129 16:33:52.483"/>
</kw>
<kw name="Wait Until Element Is Visible and Enabled">
<arg>${users_tab}</arg>
<arg>timeout=30s</arg>
<kw name="Wait Until Element Is Visible" library="SeleniumLibrary">
<arg>${locator}</arg>
<arg>timeout=${timeout}</arg>
<doc>Waits until the element ``locator`` is visible.</doc>
<msg timestamp="20240129 16:34:22.628" level="INFO" html="true">&lt;/td&gt;&lt;/tr&gt;&lt;tr&gt;&lt;td colspan="3"&gt;&lt;a href="selenium-screenshot-8.png"&gt;&lt;img src="selenium-screenshot-8.png" width="800px"&gt;&lt;/a&gt;</msg>
<msg timestamp="20240129 16:34:22.628" level="FAIL">Element '//a[@name='user_list_view']' not visible after 30 seconds.</msg>
<status status="FAIL" starttime="20240129 16:33:52.483" endtime="20240129 16:34:22.628"/>
</kw>
<kw name="Wait Until Element Is Enabled" library="SeleniumLibrary">
<arg>${locator}</arg>
<arg>timeout=${timeout}</arg>
<doc>Waits until the element ``locator`` is enabled.</doc>
<status status="NOT RUN" starttime="20240129 16:34:22.628" endtime="20240129 16:34:22.628"/>
</kw>
<status status="FAIL" starttime="20240129 16:33:52.483" endtime="20240129 16:34:22.628"/>
</kw>
<kw name="Click Element" library="SeleniumLibrary">
<arg>${users_tab}</arg>
<doc>Click the element identified by ``locator``.</doc>
<status status="NOT RUN" starttime="20240129 16:34:22.628" endtime="20240129 16:34:22.628"/>
</kw>
<kw name="Wait Until Element Is Visible and Enabled">
<arg>${broadcast_button}</arg>
<arg>timeout=30s</arg>
<status status="NOT RUN" starttime="20240129 16:34:22.628" endtime="20240129 16:34:22.628"/>
</kw>
<kw name="Click Button" library="SeleniumLibrary">
<arg>${broadcast_button}</arg>
<doc>Clicks the button identified by ``locator``.</doc>
<status status="NOT RUN" starttime="20240129 16:34:22.628" endtime="20240129 16:34:22.628"/>
</kw>
<kw name="Wait Until Element Is Visible and Enabled">
<arg>${broadcast_popup}</arg>
<arg>timeout=30s</arg>
<status status="NOT RUN" starttime="20240129 16:34:22.628" endtime="20240129 16:34:22.628"/>
</kw>
<kw name="Click Element" library="SeleniumLibrary">
<arg>${group1}</arg>
<doc>Click the element identified by ``locator``.</doc>
<status status="NOT RUN" starttime="20240129 16:34:22.628" endtime="20240129 16:34:22.628"/>
</kw>
<kw name="Wait Until Element Is Visible and Enabled">
<arg>${textitem1_br}</arg>
<status status="NOT RUN" starttime="20240129 16:34:22.628" endtime="20240129 16:34:22.628"/>
</kw>
<kw name="Click Element" library="SeleniumLibrary">
<arg>${textitem1_br}</arg>
<doc>Click the element identified by ``locator``.</doc>
<status status="NOT RUN" starttime="20240129 16:34:22.628" endtime="20240129 16:34:22.628"/>
</kw>
<kw name="Click Button" library="SeleniumLibrary">
<arg>${send_broadcast}</arg>
<doc>Clicks the button identified by ``locator``.</doc>
<status status="NOT RUN" starttime="20240129 16:34:22.628" endtime="20240129 16:34:22.628"/>
</kw>
<kw name="Wait Until Element Is Visible" library="SeleniumLibrary">
<arg>${sucess_sending_message}</arg>
<arg>timeout=10s</arg>
<doc>Waits until the element ``locator`` is visible.</doc>
<status status="NOT RUN" starttime="20240129 16:34:22.628" endtime="20240129 16:34:22.628"/>
</kw>
<kw name="Get Text" library="SeleniumLibrary">
<var>${actual_message}</var>
<arg>${sucess_sending_message}</arg>
<doc>Returns the text value of the element identified by ``locator``.</doc>
<status status="NOT RUN" starttime="20240129 16:34:22.628" endtime="20240129 16:34:22.628"/>
</kw>
<kw name="Should Be Equal As Strings" library="BuiltIn">
<arg>${actual_message}</arg>
<arg>Broadcasting request has been submitted and is now processing.</arg>
<doc>Fails if objects are unequal after converting them to strings.</doc>
<status status="NOT RUN" starttime="20240129 16:34:22.628" endtime="20240129 16:34:22.628"/>
</kw>
<kw name="Close Browser" library="SeleniumLibrary" type="TEARDOWN">
<doc>Closes the current browser.</doc>
<status status="PASS" starttime="20240129 16:34:22.628" endtime="20240129 16:34:24.728"/>
</kw>
<doc>This test sends a broadcast message (textitem1) to all users using regular broadcasting functionality.</doc>
<tag>API1.0</tag>
<tag>Broadcast</tag>
<tag>Demo</tag>
<tag>New App Popup</tag>
<tag>Regression</tag>
<status status="FAIL" starttime="20240129 16:31:32.365" endtime="20240129 16:34:24.728">Element '//a[@name='user_list_view']' not visible after 30 seconds.</status>
</test>
<status status="FAIL" starttime="20240129 16:31:32.164" endtime="20240129 16:34:24.728"/>
</suite>
<statistics>
<total>
<stat pass="0" fail="1" skip="0">All Tests</stat>
</total>
<tag>
<stat pass="0" fail="1" skip="0">API1.0</stat>
<stat pass="0" fail="1" skip="0">Broadcast</stat>
<stat pass="0" fail="1" skip="0">Demo</stat>
<stat pass="0" fail="1" skip="0">New App Popup</stat>
<stat pass="0" fail="1" skip="0">Regression</stat>
</tag>
<suite>
<stat pass="0" fail="1" skip="0" id="s1" name="Demo">Demo</stat>
</suite>
</statistics>
<errors>
</errors>
</robot>
