<?xml version="1.0" encoding="UTF-8"?>
<robot generator="Robot 6.1.1 (Python 3.10.10 on win32)" generated="20240129 18:42:49.645" rpa="false" schemaversion="4">
<suite id="s1" name="TestCaseSet" source="C:\Users\Professional\PycharmProjects\RobotDemo\tests\TestCaseSet.robot">
<test id="s1-t1" name="Check Screen Size" line="542">
<kw name="Setup Webdriver" type="SETUP">
<kw name="Evaluate" library="BuiltIn">
<var>${options}</var>
<arg>sys.modules['selenium.webdriver'].ChromeOptions()</arg>
<arg>sys</arg>
<doc>Evaluates the given expression in Python and returns the result.</doc>
<msg timestamp="20240129 18:42:49.928" level="INFO">${options} = &lt;selenium.webdriver.chrome.options.Options object at 0x000001F09468CD90&gt;</msg>
<status status="PASS" starttime="20240129 18:42:49.928" endtime="20240129 18:42:49.928"/>
</kw>
<kw name="Call Method" library="BuiltIn">
<arg>${options}</arg>
<arg>add_argument</arg>
<arg>--disable-notifications</arg>
<doc>Calls the named method of the given object with the provided arguments.</doc>
<status status="PASS" starttime="20240129 18:42:49.928" endtime="20240129 18:42:49.928"/>
</kw>
<kw name="Call Method" library="BuiltIn">
<arg>${options}</arg>
<arg>add_argument</arg>
<arg>--disable-infobars</arg>
<doc>Calls the named method of the given object with the provided arguments.</doc>
<status status="PASS" starttime="20240129 18:42:49.928" endtime="20240129 18:42:49.928"/>
</kw>
<kw name="Call Method" library="BuiltIn">
<arg>${options}</arg>
<arg>add_argument</arg>
<arg>--disable-extensions</arg>
<doc>Calls the named method of the given object with the provided arguments.</doc>
<status status="PASS" starttime="20240129 18:42:49.928" endtime="20240129 18:42:49.928"/>
</kw>
<kw name="Call Method" library="BuiltIn">
<arg>${options}</arg>
<arg>add_argument</arg>
<arg>--no-sandbox</arg>
<doc>Calls the named method of the given object with the provided arguments.</doc>
<status status="PASS" starttime="20240129 18:42:49.928" endtime="20240129 18:42:49.928"/>
</kw>
<kw name="Call Method" library="BuiltIn">
<arg>${options}</arg>
<arg>add_argument</arg>
<arg>--start-maximized</arg>
<doc>Calls the named method of the given object with the provided arguments.</doc>
<status status="PASS" starttime="20240129 18:42:49.928" endtime="20240129 18:42:49.928"/>
</kw>
<kw name="Call Method" library="BuiltIn">
<arg>${options}</arg>
<arg>add_argument</arg>
<arg>--disable-dev-shm-usage</arg>
<doc>Calls the named method of the given object with the provided arguments.</doc>
<status status="PASS" starttime="20240129 18:42:49.928" endtime="20240129 18:42:49.928"/>
</kw>
<kw name="Open Browser" library="SeleniumLibrary">
<arg>https://pre.bonp.me//member</arg>
<arg>chrome</arg>
<arg>options=${options}</arg>
<doc>Opens a new browser instance to the optional ``url``.</doc>
<msg timestamp="20240129 18:42:49.945" level="INFO">Opening browser 'chrome' to base url 'https://pre.bonp.me//member'.</msg>
<status status="PASS" starttime="20240129 18:42:49.928" endtime="20240129 18:43:04.698"/>
</kw>
<kw name="Set Window Size" library="SeleniumLibrary">
<arg>3600</arg>
<arg>2600</arg>
<doc>Sets current windows size to given ``width`` and ``height``.</doc>
<status status="PASS" starttime="20240129 18:43:04.698" endtime="20240129 18:43:04.937"/>
</kw>
<kw name="Set Selenium Implicit Wait" library="SeleniumLibrary">
<arg>15s</arg>
<doc>Sets the implicit wait value used by Selenium.</doc>
<status status="PASS" starttime="20240129 18:43:04.937" endtime="20240129 18:43:04.939"/>
</kw>
<status status="PASS" starttime="20240129 18:42:49.928" endtime="20240129 18:43:04.939"/>
</kw>
<kw name="Set Variable" library="BuiltIn">
<var>${test_bot}</var>
<arg>Sasha-240124-brv2-api20</arg>
<doc>Returns the given values which can then be assigned to a variables.</doc>
<msg timestamp="20240129 18:43:04.939" level="INFO">${test_bot} = Sasha-240124-brv2-api20</msg>
<status status="PASS" starttime="20240129 18:43:04.939" endtime="20240129 18:43:04.939"/>
</kw>
<kw name="Set Variable" library="BuiltIn">
<var>${bot_names_list}</var>
<arg>//table[@class='list-view']</arg>
<doc>Returns the given values which can then be assigned to a variables.</doc>
<msg timestamp="20240129 18:43:04.940" level="INFO">${bot_names_list} = //table[@class='list-view']</msg>
<status status="PASS" starttime="20240129 18:43:04.939" endtime="20240129 18:43:04.940"/>
</kw>
<kw name="Wait Until Element Is Visible and Enabled">
<arg>${email_input}</arg>
<kw name="Wait Until Element Is Visible" library="SeleniumLibrary">
<arg>${locator}</arg>
<arg>timeout=${timeout}</arg>
<doc>Waits until the element ``locator`` is visible.</doc>
<status status="PASS" starttime="20240129 18:43:04.940" endtime="20240129 18:43:04.970"/>
</kw>
<kw name="Wait Until Element Is Enabled" library="SeleniumLibrary">
<arg>${locator}</arg>
<arg>timeout=${timeout}</arg>
<doc>Waits until the element ``locator`` is enabled.</doc>
<status status="PASS" starttime="20240129 18:43:04.970" endtime="20240129 18:43:05.002"/>
</kw>
<status status="PASS" starttime="20240129 18:43:04.940" endtime="20240129 18:43:05.002"/>
</kw>
<kw name="Input Text" library="SeleniumLibrary">
<arg>${email_input}</arg>
<arg>${credentials}[email]</arg>
<doc>Types the given ``text`` into the text field identified by ``locator``.</doc>
<msg timestamp="20240129 18:43:05.002" level="INFO">Typing text 'alexandra@evolany.com' into text field '//input[@name='email']'.</msg>
<status status="PASS" starttime="20240129 18:43:05.002" endtime="20240129 18:43:05.128"/>
</kw>
<kw name="Wait Until Element Is Visible and Enabled">
<arg>${pass_input}</arg>
<kw name="Wait Until Element Is Visible" library="SeleniumLibrary">
<arg>${locator}</arg>
<arg>timeout=${timeout}</arg>
<doc>Waits until the element ``locator`` is visible.</doc>
<status status="PASS" starttime="20240129 18:43:05.129" endtime="20240129 18:43:05.154"/>
</kw>
<kw name="Wait Until Element Is Enabled" library="SeleniumLibrary">
<arg>${locator}</arg>
<arg>timeout=${timeout}</arg>
<doc>Waits until the element ``locator`` is enabled.</doc>
<status status="PASS" starttime="20240129 18:43:05.154" endtime="20240129 18:43:05.183"/>
</kw>
<status status="PASS" starttime="20240129 18:43:05.129" endtime="20240129 18:43:05.183"/>
</kw>
<kw name="Input Text" library="SeleniumLibrary">
<arg>${pass_input}</arg>
<arg>${credentials}[password]</arg>
<doc>Types the given ``text`` into the text field identified by ``locator``.</doc>
<msg timestamp="20240129 18:43:05.184" level="INFO">Typing text '221373897221373897qW!' into text field '//input[@name='pass']'.</msg>
<status status="PASS" starttime="20240129 18:43:05.184" endtime="20240129 18:43:05.276"/>
</kw>
<kw name="Wait Until Element Is Visible and Enabled">
<arg>${submit_button}</arg>
<kw name="Wait Until Element Is Visible" library="SeleniumLibrary">
<arg>${locator}</arg>
<arg>timeout=${timeout}</arg>
<doc>Waits until the element ``locator`` is visible.</doc>
<status status="PASS" starttime="20240129 18:43:05.277" endtime="20240129 18:43:05.297"/>
</kw>
<kw name="Wait Until Element Is Enabled" library="SeleniumLibrary">
<arg>${locator}</arg>
<arg>timeout=${timeout}</arg>
<doc>Waits until the element ``locator`` is enabled.</doc>
<status status="PASS" starttime="20240129 18:43:05.298" endtime="20240129 18:43:05.319"/>
</kw>
<status status="PASS" starttime="20240129 18:43:05.276" endtime="20240129 18:43:05.319"/>
</kw>
<kw name="Click Button" library="SeleniumLibrary">
<arg>${submit_button}</arg>
<doc>Clicks the button identified by ``locator``.</doc>
<msg timestamp="20240129 18:43:05.319" level="INFO">Clicking button '//button[@type='text']'.</msg>
<status status="PASS" starttime="20240129 18:43:05.319" endtime="20240129 18:43:05.382"/>
</kw>
<kw name="Wait Until Element Is Visible and Enabled">
<arg>${bot_names_list}</arg>
<kw name="Wait Until Element Is Visible" library="SeleniumLibrary">
<arg>${locator}</arg>
<arg>timeout=${timeout}</arg>
<doc>Waits until the element ``locator`` is visible.</doc>
<status status="PASS" starttime="20240129 18:43:05.383" endtime="20240129 18:43:07.717"/>
</kw>
<kw name="Wait Until Element Is Enabled" library="SeleniumLibrary">
<arg>${locator}</arg>
<arg>timeout=${timeout}</arg>
<doc>Waits until the element ``locator`` is enabled.</doc>
<status status="PASS" starttime="20240129 18:43:07.717" endtime="20240129 18:43:07.735"/>
</kw>
<status status="PASS" starttime="20240129 18:43:05.382" endtime="20240129 18:43:07.735"/>
</kw>
<kw name="Get WebElements" library="SeleniumLibrary">
<var>${table_elements}</var>
<arg>${bot_names_list}//td</arg>
<doc>Returns a list of WebElement objects matching the ``locator``.</doc>
<msg timestamp="20240129 18:43:08.031" level="INFO">${table_elements} = [&lt;selenium.webdriver.remote.webelement.WebElement (session="23d6dcfddde9e2f2835c137c4de2c56d", element="FF7BFA02E612266C4C9157C72076395D_element_45")&gt;, &lt;selenium.webdriver.remote.webelement.WebElement...</msg>
<status status="PASS" starttime="20240129 18:43:07.735" endtime="20240129 18:43:08.031"/>
</kw>
<for flavor="IN">
<var>${cell_element}</var>
<value>@{table_elements}</value>
<iter>
<var name="${cell_element}">&lt;selenium.webdriver.remote.webelement.WebElement (session="23d6dcfddde9e2f2835c137c4de2c56d", element="FF7BFA02E612266C4C9157C72076395D_element_45")&gt;</var>
<kw name="Get Text" library="SeleniumLibrary">
<var>${cell_text}</var>
<arg>${cell_element}</arg>
<doc>Returns the text value of the element identified by ``locator``.</doc>
<msg timestamp="20240129 18:43:08.047" level="INFO">${cell_text} = 1109</msg>
<status status="PASS" starttime="20240129 18:43:08.032" endtime="20240129 18:43:08.047"/>
</kw>
<kw name="Run Keyword If" library="BuiltIn">
<arg>'${test_bot}' in '${cell_text}'</arg>
<arg>Click Element</arg>
<arg>${cell_element}</arg>
<doc>Runs the given keyword with the given arguments, if ``condition`` is true.</doc>
<status status="PASS" starttime="20240129 18:43:08.047" endtime="20240129 18:43:08.047"/>
</kw>
<kw name="Exit For Loop If" library="BuiltIn">
<arg>'${test_bot}' in '${cell_text}'</arg>
<doc>Stops executing the enclosing FOR loop if the ``condition`` is true.</doc>
<status status="PASS" starttime="20240129 18:43:08.047" endtime="20240129 18:43:08.048"/>
</kw>
<status status="PASS" starttime="20240129 18:43:08.032" endtime="20240129 18:43:08.048"/>
</iter>
<iter>
<var name="${cell_element}">&lt;selenium.webdriver.remote.webelement.WebElement (session="23d6dcfddde9e2f2835c137c4de2c56d", element="FF7BFA02E612266C4C9157C72076395D_element_46")&gt;</var>
<kw name="Get Text" library="SeleniumLibrary">
<var>${cell_text}</var>
<arg>${cell_element}</arg>
<doc>Returns the text value of the element identified by ``locator``.</doc>
<msg timestamp="20240129 18:43:08.058" level="INFO">${cell_text} = Tina-240124-brv2-api10</msg>
<status status="PASS" starttime="20240129 18:43:08.048" endtime="20240129 18:43:08.058"/>
</kw>
<kw name="Run Keyword If" library="BuiltIn">
<arg>'${test_bot}' in '${cell_text}'</arg>
<arg>Click Element</arg>
<arg>${cell_element}</arg>
<doc>Runs the given keyword with the given arguments, if ``condition`` is true.</doc>
<status status="PASS" starttime="20240129 18:43:08.058" endtime="20240129 18:43:08.058"/>
</kw>
<kw name="Exit For Loop If" library="BuiltIn">
<arg>'${test_bot}' in '${cell_text}'</arg>
<doc>Stops executing the enclosing FOR loop if the ``condition`` is true.</doc>
<status status="PASS" starttime="20240129 18:43:08.058" endtime="20240129 18:43:08.059"/>
</kw>
<status status="PASS" starttime="20240129 18:43:08.048" endtime="20240129 18:43:08.059"/>
</iter>
<iter>
<var name="${cell_element}">&lt;selenium.webdriver.remote.webelement.WebElement (session="23d6dcfddde9e2f2835c137c4de2c56d", element="FF7BFA02E612266C4C9157C72076395D_element_47")&gt;</var>
<kw name="Get Text" library="SeleniumLibrary">
<var>${cell_text}</var>
<arg>${cell_element}</arg>
<doc>Returns the text value of the element identified by ``locator``.</doc>
<msg timestamp="20240129 18:43:08.067" level="INFO">${cell_text} = Alexandra</msg>
<status status="PASS" starttime="20240129 18:43:08.059" endtime="20240129 18:43:08.067"/>
</kw>
<kw name="Run Keyword If" library="BuiltIn">
<arg>'${test_bot}' in '${cell_text}'</arg>
<arg>Click Element</arg>
<arg>${cell_element}</arg>
<doc>Runs the given keyword with the given arguments, if ``condition`` is true.</doc>
<status status="PASS" starttime="20240129 18:43:08.067" endtime="20240129 18:43:08.068"/>
</kw>
<kw name="Exit For Loop If" library="BuiltIn">
<arg>'${test_bot}' in '${cell_text}'</arg>
<doc>Stops executing the enclosing FOR loop if the ``condition`` is true.</doc>
<status status="PASS" starttime="20240129 18:43:08.068" endtime="20240129 18:43:08.069"/>
</kw>
<status status="PASS" starttime="20240129 18:43:08.059" endtime="20240129 18:43:08.069"/>
</iter>
<iter>
<var name="${cell_element}">&lt;selenium.webdriver.remote.webelement.WebElement (session="23d6dcfddde9e2f2835c137c4de2c56d", element="FF7BFA02E612266C4C9157C72076395D_element_48")&gt;</var>
<kw name="Get Text" library="SeleniumLibrary">
<var>${cell_text}</var>
<arg>${cell_element}</arg>
<doc>Returns the text value of the element identified by ``locator``.</doc>
<msg timestamp="20240129 18:43:08.069" level="INFO">${cell_text} = pro</msg>
<status status="PASS" starttime="20240129 18:43:08.069" endtime="20240129 18:43:08.069"/>
</kw>
<kw name="Run Keyword If" library="BuiltIn">
<arg>'${test_bot}' in '${cell_text}'</arg>
<arg>Click Element</arg>
<arg>${cell_element}</arg>
<doc>Runs the given keyword with the given arguments, if ``condition`` is true.</doc>
<status status="PASS" starttime="20240129 18:43:08.069" endtime="20240129 18:43:08.069"/>
</kw>
<kw name="Exit For Loop If" library="BuiltIn">
<arg>'${test_bot}' in '${cell_text}'</arg>
<doc>Stops executing the enclosing FOR loop if the ``condition`` is true.</doc>
<status status="PASS" starttime="20240129 18:43:08.069" endtime="20240129 18:43:08.069"/>
</kw>
<status status="PASS" starttime="20240129 18:43:08.069" endtime="20240129 18:43:08.069"/>
</iter>
<iter>
<var name="${cell_element}">&lt;selenium.webdriver.remote.webelement.WebElement (session="23d6dcfddde9e2f2835c137c4de2c56d", element="FF7BFA02E612266C4C9157C72076395D_element_49")&gt;</var>
<kw name="Get Text" library="SeleniumLibrary">
<var>${cell_text}</var>
<arg>${cell_element}</arg>
<doc>Returns the text value of the element identified by ``locator``.</doc>
<msg timestamp="20240129 18:43:08.086" level="INFO">${cell_text} = 6</msg>
<status status="PASS" starttime="20240129 18:43:08.069" endtime="20240129 18:43:08.086"/>
</kw>
<kw name="Run Keyword If" library="BuiltIn">
<arg>'${test_bot}' in '${cell_text}'</arg>
<arg>Click Element</arg>
<arg>${cell_element}</arg>
<doc>Runs the given keyword with the given arguments, if ``condition`` is true.</doc>
<status status="PASS" starttime="20240129 18:43:08.086" endtime="20240129 18:43:08.086"/>
</kw>
<kw name="Exit For Loop If" library="BuiltIn">
<arg>'${test_bot}' in '${cell_text}'</arg>
<doc>Stops executing the enclosing FOR loop if the ``condition`` is true.</doc>
<status status="PASS" starttime="20240129 18:43:08.086" endtime="20240129 18:43:08.086"/>
</kw>
<status status="PASS" starttime="20240129 18:43:08.069" endtime="20240129 18:43:08.086"/>
</iter>
<iter>
<var name="${cell_element}">&lt;selenium.webdriver.remote.webelement.WebElement (session="23d6dcfddde9e2f2835c137c4de2c56d", element="FF7BFA02E612266C4C9157C72076395D_element_50")&gt;</var>
<kw name="Get Text" library="SeleniumLibrary">
<var>${cell_text}</var>
<arg>${cell_element}</arg>
<doc>Returns the text value of the element identified by ``locator``.</doc>
<msg timestamp="20240129 18:43:08.086" level="INFO">${cell_text} = Alexandra</msg>
<status status="PASS" starttime="20240129 18:43:08.086" endtime="20240129 18:43:08.086"/>
</kw>
<kw name="Run Keyword If" library="BuiltIn">
<arg>'${test_bot}' in '${cell_text}'</arg>
<arg>Click Element</arg>
<arg>${cell_element}</arg>
<doc>Runs the given keyword with the given arguments, if ``condition`` is true.</doc>
<status status="PASS" starttime="20240129 18:43:08.086" endtime="20240129 18:43:08.086"/>
</kw>
<kw name="Exit For Loop If" library="BuiltIn">
<arg>'${test_bot}' in '${cell_text}'</arg>
<doc>Stops executing the enclosing FOR loop if the ``condition`` is true.</doc>
<status status="PASS" starttime="20240129 18:43:08.086" endtime="20240129 18:43:08.086"/>
</kw>
<status status="PASS" starttime="20240129 18:43:08.086" endtime="20240129 18:43:08.086"/>
</iter>
<iter>
<var name="${cell_element}">&lt;selenium.webdriver.remote.webelement.WebElement (session="23d6dcfddde9e2f2835c137c4de2c56d", element="FF7BFA02E612266C4C9157C72076395D_element_51")&gt;</var>
<kw name="Get Text" library="SeleniumLibrary">
<var>${cell_text}</var>
<arg>${cell_element}</arg>
<doc>Returns the text value of the element identified by ``locator``.</doc>
<msg timestamp="20240129 18:43:08.102" level="INFO">${cell_text} = 2024-01-26</msg>
<status status="PASS" starttime="20240129 18:43:08.102" endtime="20240129 18:43:08.102"/>
</kw>
<kw name="Run Keyword If" library="BuiltIn">
<arg>'${test_bot}' in '${cell_text}'</arg>
<arg>Click Element</arg>
<arg>${cell_element}</arg>
<doc>Runs the given keyword with the given arguments, if ``condition`` is true.</doc>
<status status="PASS" starttime="20240129 18:43:08.102" endtime="20240129 18:43:08.102"/>
</kw>
<kw name="Exit For Loop If" library="BuiltIn">
<arg>'${test_bot}' in '${cell_text}'</arg>
<doc>Stops executing the enclosing FOR loop if the ``condition`` is true.</doc>
<status status="PASS" starttime="20240129 18:43:08.102" endtime="20240129 18:43:08.102"/>
</kw>
<status status="PASS" starttime="20240129 18:43:08.086" endtime="20240129 18:43:08.102"/>
</iter>
<iter>
<var name="${cell_element}">&lt;selenium.webdriver.remote.webelement.WebElement (session="23d6dcfddde9e2f2835c137c4de2c56d", element="FF7BFA02E612266C4C9157C72076395D_element_52")&gt;</var>
<kw name="Get Text" library="SeleniumLibrary">
<var>${cell_text}</var>
<arg>${cell_element}</arg>
<doc>Returns the text value of the element identified by ``locator``.</doc>
<msg timestamp="20240129 18:43:08.119" level="INFO">${cell_text} = 2024-01-24</msg>
<status status="PASS" starttime="20240129 18:43:08.102" endtime="20240129 18:43:08.119"/>
</kw>
<kw name="Run Keyword If" library="BuiltIn">
<arg>'${test_bot}' in '${cell_text}'</arg>
<arg>Click Element</arg>
<arg>${cell_element}</arg>
<doc>Runs the given keyword with the given arguments, if ``condition`` is true.</doc>
<status status="PASS" starttime="20240129 18:43:08.119" endtime="20240129 18:43:08.119"/>
</kw>
<kw name="Exit For Loop If" library="BuiltIn">
<arg>'${test_bot}' in '${cell_text}'</arg>
<doc>Stops executing the enclosing FOR loop if the ``condition`` is true.</doc>
<status status="PASS" starttime="20240129 18:43:08.119" endtime="20240129 18:43:08.119"/>
</kw>
<status status="PASS" starttime="20240129 18:43:08.102" endtime="20240129 18:43:08.119"/>
</iter>
<iter>
<var name="${cell_element}">&lt;selenium.webdriver.remote.webelement.WebElement (session="23d6dcfddde9e2f2835c137c4de2c56d", element="FF7BFA02E612266C4C9157C72076395D_element_53")&gt;</var>
<kw name="Get Text" library="SeleniumLibrary">
<var>${cell_text}</var>
<arg>${cell_element}</arg>
<doc>Returns the text value of the element identified by ``locator``.</doc>
<msg timestamp="20240129 18:43:08.119" level="INFO">${cell_text} = </msg>
<status status="PASS" starttime="20240129 18:43:08.119" endtime="20240129 18:43:08.119"/>
</kw>
<kw name="Run Keyword If" library="BuiltIn">
<arg>'${test_bot}' in '${cell_text}'</arg>
<arg>Click Element</arg>
<arg>${cell_element}</arg>
<doc>Runs the given keyword with the given arguments, if ``condition`` is true.</doc>
<status status="PASS" starttime="20240129 18:43:08.119" endtime="20240129 18:43:08.119"/>
</kw>
<kw name="Exit For Loop If" library="BuiltIn">
<arg>'${test_bot}' in '${cell_text}'</arg>
<doc>Stops executing the enclosing FOR loop if the ``condition`` is true.</doc>
<status status="PASS" starttime="20240129 18:43:08.119" endtime="20240129 18:43:08.119"/>
</kw>
<status status="PASS" starttime="20240129 18:43:08.119" endtime="20240129 18:43:08.119"/>
</iter>
<iter>
<var name="${cell_element}">&lt;selenium.webdriver.remote.webelement.WebElement (session="23d6dcfddde9e2f2835c137c4de2c56d", element="FF7BFA02E612266C4C9157C72076395D_element_54")&gt;</var>
<kw name="Get Text" library="SeleniumLibrary">
<var>${cell_text}</var>
<arg>${cell_element}</arg>
<doc>Returns the text value of the element identified by ``locator``.</doc>
<msg timestamp="20240129 18:43:08.136" level="INFO">${cell_text} = 1106</msg>
<status status="PASS" starttime="20240129 18:43:08.119" endtime="20240129 18:43:08.136"/>
</kw>
<kw name="Run Keyword If" library="BuiltIn">
<arg>'${test_bot}' in '${cell_text}'</arg>
<arg>Click Element</arg>
<arg>${cell_element}</arg>
<doc>Runs the given keyword with the given arguments, if ``condition`` is true.</doc>
<status status="PASS" starttime="20240129 18:43:08.136" endtime="20240129 18:43:08.136"/>
</kw>
<kw name="Exit For Loop If" library="BuiltIn">
<arg>'${test_bot}' in '${cell_text}'</arg>
<doc>Stops executing the enclosing FOR loop if the ``condition`` is true.</doc>
<status status="PASS" starttime="20240129 18:43:08.136" endtime="20240129 18:43:08.136"/>
</kw>
<status status="PASS" starttime="20240129 18:43:08.119" endtime="20240129 18:43:08.136"/>
</iter>
<iter>
<var name="${cell_element}">&lt;selenium.webdriver.remote.webelement.WebElement (session="23d6dcfddde9e2f2835c137c4de2c56d", element="FF7BFA02E612266C4C9157C72076395D_element_55")&gt;</var>
<kw name="Get Text" library="SeleniumLibrary">
<var>${cell_text}</var>
<arg>${cell_element}</arg>
<doc>Returns the text value of the element identified by ``locator``.</doc>
<msg timestamp="20240129 18:43:08.152" level="INFO">${cell_text} = Sasha-240124-brv2-api20</msg>
<status status="PASS" starttime="20240129 18:43:08.136" endtime="20240129 18:43:08.152"/>
</kw>
<kw name="Run Keyword If" library="BuiltIn">
<arg>'${test_bot}' in '${cell_text}'</arg>
<arg>Click Element</arg>
<arg>${cell_element}</arg>
<doc>Runs the given keyword with the given arguments, if ``condition`` is true.</doc>
<kw name="Click Element" library="SeleniumLibrary">
<arg>${cell_element}</arg>
<doc>Click the element identified by ``locator``.</doc>
<msg timestamp="20240129 18:43:08.152" level="INFO">Clicking element '&lt;selenium.webdriver.remote.webelement.WebElement (session="23d6dcfddde9e2f2835c137c4de2c56d", element="FF7BFA02E612266C4C9157C72076395D_element_55")&gt;'.</msg>
<status status="PASS" starttime="20240129 18:43:08.152" endtime="20240129 18:43:08.206"/>
</kw>
<status status="PASS" starttime="20240129 18:43:08.152" endtime="20240129 18:43:08.206"/>
</kw>
<kw name="Exit For Loop If" library="BuiltIn">
<arg>'${test_bot}' in '${cell_text}'</arg>
<doc>Stops executing the enclosing FOR loop if the ``condition`` is true.</doc>
<msg timestamp="20240129 18:43:08.206" level="INFO">Exiting for loop altogether.</msg>
<status status="PASS" starttime="20240129 18:43:08.206" endtime="20240129 18:43:08.206"/>
</kw>
<status status="PASS" starttime="20240129 18:43:08.136" endtime="20240129 18:43:08.206"/>
</iter>
<status status="PASS" starttime="20240129 18:43:08.032" endtime="20240129 18:43:08.206"/>
</for>
<kw name="Wait Until Page Does Not Contain Element" library="SeleniumLibrary">
<arg>${loader_screen}</arg>
<arg>timeout=30s</arg>
<doc>Waits until the element ``locator`` disappears from the current page.</doc>
<status status="PASS" starttime="20240129 18:43:08.206" endtime="20240129 18:43:26.025"/>
</kw>
<kw name="Execute Javascript" library="SeleniumLibrary">
<var>${screen_size}</var>
<arg>return [window.innerWidth, window.innerHeight];</arg>
<doc>Executes the given JavaScript code with possible arguments.</doc>
<msg timestamp="20240129 18:43:26.025" level="INFO">Executing JavaScript:
return [window.innerWidth, window.innerHeight];
Without any arguments.</msg>
<msg timestamp="20240129 18:43:26.025" level="INFO">${screen_size} = [1028, 646]</msg>
<status status="PASS" starttime="20240129 18:43:26.025" endtime="20240129 18:43:26.025"/>
</kw>
<kw name="Log" library="BuiltIn">
<arg>Screen Size: ${screen_size[0]} x ${screen_size[1]}</arg>
<doc>Logs the given message with the given level.</doc>
<msg timestamp="20240129 18:43:26.025" level="INFO">Screen Size: 1028 x 646</msg>
<status status="PASS" starttime="20240129 18:43:26.025" endtime="20240129 18:43:26.025"/>
</kw>
<kw name="Close Browser" library="SeleniumLibrary" type="TEARDOWN">
<doc>Closes the current browser.</doc>
<status status="PASS" starttime="20240129 18:43:26.025" endtime="20240129 18:43:28.159"/>
</kw>
<tag>Screensize</tag>
<status status="PASS" starttime="20240129 18:42:49.928" endtime="20240129 18:43:28.159"/>
</test>
<status status="PASS" starttime="20240129 18:42:49.645" endtime="20240129 18:43:28.160"/>
</suite>
<statistics>
<total>
<stat pass="1" fail="0" skip="0">All Tests</stat>
</total>
<tag>
<stat pass="1" fail="0" skip="0">Screensize</stat>
</tag>
<suite>
<stat pass="1" fail="0" skip="0" id="s1" name="TestCaseSet">TestCaseSet</stat>
</suite>
</statistics>
<errors>
</errors>
</robot>
